C51 COMPILER V9.54   MAIN                                                                  08/26/2018 11:14:23 PAGE 1   


C51 COMPILER V9.54, COMPILATION OF MODULE MAIN
OBJECT MODULE PLACED IN .\obj\main.obj
COMPILER INVOKED BY: d:\Keil_v5\C51\BIN\C51.EXE main.c OPTIMIZE(8,SPEED) BROWSE DEBUG OBJECTEXTEND PRINT(.\obj\main.lst)
                    - TABS(2) OBJECT(.\obj\main.obj)

line level    source

   1          /*******************************************************************************
   2          * 版  权  : 红梅科技工作室
   3          * 论  坛  ：https://blog.csdn.net/Qingzhusshuiyun
   4          * Q Q     ：2369099714
   5          * 版权所有，盗版必究。
   6          * 工  程   : DS1302时钟数码管显示
   7          * 文件名   : DS1302时钟数码管显示.c
   8          * 处理器   : STC89C52RC
   9          * 编译环境 : Keil 5
  10          * 系统时钟 : 12MHZ
  11          * 版    本  : V1.0 
  12          * 生成日期  : 2018-07-12              
  13          * 修改日期  :  
  14          * 简单描述 : DS1302实时时钟数码管显示，时间和日期切换显示 按下按键，循环切换 
  15                  时间格式xx-xx-xx
  16              日期格式xx-xx-xx
  17              周秒格式-x-   xx
  18          *******************************************************************************/
  19          #include<reg52.h> //包含头文件，一般情况不需要改动，头文件包含特殊功能寄存器的定义
  20          #include "ds1302.h"
  21          
  22          #define KeyPort P3 //定义按键端口
  23          
  24          #define DataPort P0 //定义数据端口 程序中遇到DataPort 则用P0 替换
  25          
  26          sbit LATCH1=P2^2;//定义锁存使能端口 段锁存
  27          sbit LATCH2=P2^3;//                 位锁存
  28          
  29          bit ReadTimeFlag;//定义读时间标志
  30          
  31          unsigned char code dofly_DuanMa[10]={0x3f,0x06,0x5b,0x4f,0x66,0x6d,0x7d,0x07,0x7f,0x6f};// 显示段码值0~9
  32          unsigned char code dofly_WeiMa[]={0xfe,0xfd,0xfb,0xf7,0xef,0xdf,0xbf,0x7f};//分别对应相应的数码管点亮,即位
             -码
  33          unsigned char TempData[8]; //存储显示值的全局变量
  34          
  35          void DelayUs2x(unsigned char t);//us级延时函数声明 
  36          void DelayMs(unsigned char t); //ms级延时
  37          void Display(unsigned char FirstBit,unsigned char Num);//数码管显示函数
  38          unsigned char KeyScan(void);//键盘扫描
  39          void Init_Timer0(void);//定时器初始化
  40          /*------------------------------------------------
  41                              主函数
  42          ------------------------------------------------*/
  43          void main (void)
  44          {
  45   1      unsigned char num,displaynum;                  
  46   1      
  47   1      Init_Timer0();
  48   1      Ds1302_Init();
  49   1      Ds1302_Write_Time();
  50   1      while (1)         //主循环
  51   1        {
  52   2       num=KeyScan();   //按键扫描
  53   2      if(num==1)
C51 COMPILER V9.54   MAIN                                                                  08/26/2018 11:14:23 PAGE 2   

  54   2        {
  55   3         displaynum++;
  56   3         if(displaynum==3)
  57   3            displaynum=0;
  58   3        }
  59   2      if(ReadTimeFlag==1)
  60   2      {
  61   3        ReadTimeFlag=0;
  62   3        Ds1302_Read_Time();
  63   3      if(displaynum==0) //显示时间
  64   3       {
  65   4       TempData[0]=dofly_DuanMa[time_buf1[4]/10];//时 //数据的转换，
  66   4       TempData[1]=dofly_DuanMa[time_buf1[4]%10];//因我们采用数码管0~9的显示,将数据分开
  67   4       TempData[2]=0x40;                        //加入"-"
  68   4       TempData[3]=dofly_DuanMa[time_buf1[5]/10];//分
  69   4       TempData[4]=dofly_DuanMa[time_buf1[5]%10];
  70   4       TempData[5]=0x40;
  71   4       TempData[6]=dofly_DuanMa[time_buf1[6]/10];//秒
  72   4       TempData[7]=dofly_DuanMa[time_buf1[6]%10]; 
  73   4       } 
  74   3      else if(displaynum==1)//显示日期
  75   3       { 
  76   4       TempData[0]=dofly_DuanMa[time_buf1[1]/10];//年     
  77   4       TempData[1]=dofly_DuanMa[time_buf1[1]%10];
  78   4       TempData[2]=0x40;                        //加入"-"
  79   4       TempData[3]=dofly_DuanMa[time_buf1[2]/10];//月
  80   4       TempData[4]=dofly_DuanMa[time_buf1[2]%10];
  81   4       TempData[5]=0x40;
  82   4       TempData[6]=dofly_DuanMa[time_buf1[3]/10];//日
  83   4       TempData[7]=dofly_DuanMa[time_buf1[3]%10]; 
  84   4       }
  85   3      else if(displaynum==2)//显示周  秒
  86   3       {
  87   4       TempData[0]=0x40;        
  88   4       TempData[1]=dofly_DuanMa[time_buf1[7]%10];//周
  89   4       TempData[2]=0x40;  //加入"-"
  90   4       TempData[3]=0;
  91   4       TempData[4]=0;
  92   4       TempData[5]=0;
  93   4       TempData[6]=dofly_DuanMa[time_buf1[6]/10];//秒
  94   4       TempData[7]=dofly_DuanMa[time_buf1[6]%10]; 
  95   4       }
  96   3       }  
  97   2       }
  98   1      }
  99          /*------------------------------------------------
 100           uS延时函数，含有输入参数 unsigned char t，无返回值
 101           unsigned char 是定义无符号字符变量，其值的范围是
 102           0~255 这里使用晶振12M，精确延时请使用汇编,大致延时
 103           长度如下 T=tx2+5 uS 
 104          ------------------------------------------------*/
 105          void DelayUs2x(unsigned char t)
 106          {   
 107   1       while(--t);
 108   1      }
 109          /*------------------------------------------------
 110           mS延时函数，含有输入参数 unsigned char t，无返回值
 111           unsigned char 是定义无符号字符变量，其值的范围是
 112           0~255 这里使用晶振12M，精确延时请使用汇编
 113          ------------------------------------------------*/
 114          void DelayMs(unsigned char t)
 115          {
C51 COMPILER V9.54   MAIN                                                                  08/26/2018 11:14:23 PAGE 3   

 116   1           
 117   1       while(t--)
 118   1       {
 119   2           //大致延时1mS
 120   2           DelayUs2x(245);
 121   2         DelayUs2x(245);
 122   2       }
 123   1      }
 124          /*------------------------------------------------
 125           显示函数，用于动态扫描数码管
 126           输入参数 FirstBit 表示需要显示的第一位，如赋值2表示从第三个数码管开始显示
 127           如输入0表示从第一个显示。
 128           Num表示需要显示的位数，如需要显示99两位数值则该值输入2
 129          ------------------------------------------------*/
 130          void Display(unsigned char FirstBit,unsigned char Num)
 131          {
 132   1            static unsigned char i=0;
 133   1          
 134   1      
 135   1           DataPort=0;   //清空数据，防止有交替重影
 136   1             LATCH1=1;     //段锁存
 137   1             LATCH1=0;
 138   1      
 139   1             DataPort=dofly_WeiMa[i+FirstBit]; //取位码 
 140   1             LATCH2=1;     //位锁存
 141   1             LATCH2=0;
 142   1      
 143   1             DataPort=TempData[i]; //取显示数据，段码
 144   1             LATCH1=1;     //段锁存
 145   1             LATCH1=0;
 146   1             
 147   1           i++;
 148   1             if(i==Num)
 149   1              i=0;
 150   1      
 151   1      
 152   1      }
 153          /*------------------------------------------------
 154                              定时器初始化子程序
 155          ------------------------------------------------*/
 156          void Init_Timer0(void)
 157          {
 158   1       TMOD |= 0x01;    //使用模式1，16位定时器，使用"|"符号可以在使用多个定时器时不受影响         
 159   1       //TH0=0x00;        //给定初值
 160   1       //TL0=0x00;
 161   1       EA=1;            //总中断打开
 162   1       ET0=1;           //定时器中断打开
 163   1       TR0=1;           //定时器开关打开
 164   1      }
 165          /*------------------------------------------------
 166                           定时器中断子程序
 167          ------------------------------------------------*/
 168          void Timer0_isr(void) interrupt 1 
 169          {
 170   1       static unsigned int num;
 171   1       TH0=(65536-2000)/256;      //重新赋值 2ms
 172   1       TL0=(65536-2000)%256;
 173   1       
 174   1       Display(0,8);       // 调用数码管扫描
 175   1       num++;
 176   1       if(num==50)        //大致100ms
 177   1         {
C51 COMPILER V9.54   MAIN                                                                  08/26/2018 11:14:23 PAGE 4   

 178   2          num=0;
 179   2          ReadTimeFlag=1; //读标志位置1
 180   2        }
 181   1      }
 182          
 183          /*------------------------------------------------
 184                      按键扫描函数，返回扫描键值
 185          ------------------------------------------------*/
 186          unsigned char KeyScan(void)
 187          {
 188   1       unsigned char keyvalue;
 189   1       if(KeyPort!=0xff)
 190   1         {
 191   2          DelayMs(10);
 192   2          if(KeyPort!=0xff)
 193   2           {
 194   3            keyvalue=KeyPort;
 195   3            while(KeyPort!=0xff);
 196   3          switch(keyvalue)
 197   3          {
 198   4           case 0xfe:return 1;break;
 199   4           case 0xfd:return 2;break;
 200   4           case 0xfb:return 3;break;
 201   4           case 0xf7:return 4;break;
 202   4           case 0xef:return 5;break;
 203   4           case 0xdf:return 6;break;
 204   4           case 0xbf:return 7;break;
 205   4           case 0x7f:return 8;break;
 206   4           default:return 0;break;
 207   4          }
 208   3          }
 209   2         }
 210   1         return 0;
 211   1      }
 212          


MODULE INFORMATION:   STATIC OVERLAYABLE
   CODE SIZE        =    462    ----
   CONSTANT SIZE    =     18    ----
   XDATA SIZE       =   ----    ----
   PDATA SIZE       =   ----    ----
   DATA SIZE        =     11       1
   IDATA SIZE       =   ----    ----
   BIT SIZE         =      1    ----
END OF MODULE INFORMATION.


C51 COMPILATION COMPLETE.  0 WARNING(S),  0 ERROR(S)
