C51 COMPILER V9.54   ________0__________                                                   08/26/2018 11:11:13 PAGE 1   


C51 COMPILER V9.54, COMPILATION OF MODULE ________0__________
OBJECT MODULE PLACED IN .\Objects\ⲿж0½ش.obj
COMPILER INVOKED BY: d:\Keil_v5\C51\BIN\C51.EXE ⲿж0½ش.c OPTIMIZE(8,SPEED) BROWSE DEBUG OBJECTEXTEND PRINT(
                    -.\Listings\ⲿж0½ش.lst) TABS(2) OBJECT(.\Objects\ⲿж0½ش.obj)

line level    source

   1          /*******************************************************************************
   2          * 版  权  : 红梅科技工作室
   3          * 论  坛  ：https://blog.csdn.net/Qingzhusshuiyun
   4          * Q Q     ：2369099714
   5          * 版权所有，盗版必究。
   6          * 工  程   : 外部中断0下降沿触发
   7          * 文件名   : 外部中断0下降沿触发.c
   8          * 处理器   : STC89C52RC
   9          * 编译环境 : Keil 5
  10          * 系统时钟 : 12MHZ
  11          * 版    本  : V1.0 
  12          * 生成日期  : 2018-07-09              
  13          * 修改日期  :  
  14          * 简单描述 : 通过中断接口P3.2连接的独立按键测试，按一次P1口的LED灯反向，
  15                  这里使用边沿触发，所以一直按键不松开和一次按键效果相同，区
  16                  别于电平触发
  17          *******************************************************************************/
  18          
  19          #include<reg52.h> //包含头文件，一般情况不需要改动，头文件包含特殊功能寄存器
             -定义
  20          /*------------------------------------------------
  21                              主程序
  22          ------------------------------------------------*/
  23          void main()
  24          {
  25   1        P1=0x55;       //P1口初始值
  26   1        EA=1;          //全局中断开
  27   1        EX0=1;         //外部中断0开
  28   1        IT0=1;         //边沿触发
  29   1        while(1)
  30   1        {
  31   2                       //在此添加其他程序
  32   2        }
  33   1      }
  34          /*------------------------------------------------
  35                           外部中断程序
  36          ------------------------------------------------*/
  37          void ISR_Key(void) interrupt 0 using 1
  38          {
  39   1       P1=~P1;         //s3按下触发一次，P1取反一次
  40   1      }


MODULE INFORMATION:   STATIC OVERLAYABLE
   CODE SIZE        =     15    ----
   CONSTANT SIZE    =   ----    ----
   XDATA SIZE       =   ----    ----
   PDATA SIZE       =   ----    ----
   DATA SIZE        =   ----    ----
   IDATA SIZE       =   ----    ----
   BIT SIZE         =   ----    ----
END OF MODULE INFORMATION.


C51 COMPILATION COMPLETE.  0 WARNING(S),  0 ERROR(S)
