C51 COMPILER V9.00   电子琴                                                                05/28/2013 13:49:40 PAGE 1   


C51 COMPILER V9.00, COMPILATION OF MODULE 电子琴
OBJECT MODULE PLACED IN .\obj\电子琴.obj
COMPILER INVOKED BY: D:\学习软件\Keil uVision4\C51\BIN\C51.EXE 电子琴.c BROWSE DEBUG OBJECTEXTEND PRINT(.\obj\电子琴.lst
                    -) OBJECT(.\obj\电子琴.obj)

line level    source

   1          /*-----------------------------------------------
   2            名称：电子琴
   3            论坛：www.doflye.net
   4            编写：shifang
   5            日期：2009.5
   6            修改：无
   7            内容：8个按键控制8个音符
   8                  
   9          ------------------------------------------------*/
  10          #include<reg52.h> //包含头文件，一般情况不需要改动，头文件包含特殊功能寄存器的定义
  11          
  12          #define KeyPort P2
  13          /*------------------------------------------------
  14                            全局变量
  15          ------------------------------------------------*/
  16          
  17          unsigned char High,Low; //定时器预装值的高8位和低8位
  18          
  19          sbit SPK=P1^0;          //定义喇叭接口
  20          
  21          unsigned char code freq[][2]={ 
  22            0xD8,0xF7,//00440HZ 1   
  23            0xBD,0xF8,//00494HZ 2  
  24            0x87,0xF9,//00554HZ 3  
  25            0xE4,0xF9,//00587HZ 4    
  26            0x90,0xFA,//00659HZ 5     
  27            0x29,0xFB,//00740HZ 6     
  28            0xB1,0xFB,//00831HZ 7      
  29            0xEF,0xFB,//00880HZ `1
  30          }; 
  31           /*------------------------------------------------
  32                            函数声明
  33          ------------------------------------------------*/
  34          void Init_Timer0(void);//定时器初始化
  35          /*------------------------------------------------
  36                              主函数
  37          ------------------------------------------------*/
  38          void main (void)
  39          {
  40   1      unsigned char num;                  
  41   1      
  42   1      Init_Timer0();    //初始化定时器0，主要用于数码管动态扫描
  43   1      SPK=0;            //在未按键时，喇叭低电平，防止长期高电平损坏喇叭
  44   1      while (1)         //主循环
  45   1        {
  46   2         switch(KeyPort)
  47   2                      {
  48   3                       case 0xfe:num= 1;break;
  49   3                       case 0xfd:num= 2;break;
  50   3                       case 0xfb:num= 3;break;
  51   3                       case 0xf7:num= 4;break;
  52   3                       case 0xef:num= 5;break;
  53   3                       case 0xdf:num= 6;break;
  54   3                       case 0xbf:num= 7;break;
C51 COMPILER V9.00   电子琴                                                                05/28/2013 13:49:40 PAGE 2   

  55   3                       case 0x7f:num= 8;break;
  56   3                       default:num= 0;break;
  57   3                      }
  58   2      
  59   2              
  60   2         if(num==0)
  61   2            {
  62   3             TR0=0;
  63   3             SPK=0;   //在未按键时，喇叭低电平，防止长期高电平损坏喇叭
  64   3                 }
  65   2         else 
  66   2            {
  67   3                  High=freq[num-1][1];
  68   3                      Low =freq[num-1][0];
  69   3                      TR0=1;
  70   3                }
  71   2        }
  72   1      }
  73          
  74          
  75          /*------------------------------------------------
  76                              定时器初始化子程序
  77          ------------------------------------------------*/
  78          void Init_Timer0(void)
  79          {
  80   1       TMOD |= 0x01;    //使用模式1，16位定时器，使用"|"符号可以在使用多个定时器时不受影响                 
  81   1       EA=1;            //总中断打开
  82   1       ET0=1;           //定时器中断打开
  83   1       //TR0=1;           //定时器开关打开
  84   1      }
  85          /*------------------------------------------------
  86                           定时器中断子程序
  87          ------------------------------------------------*/
  88          void Timer0_isr(void) interrupt 1 
  89          {
  90   1       TH0=High;
  91   1       TL0=Low;
  92   1       
  93   1       SPK=!SPK;
  94   1       
  95   1      }
  96          
  97          


MODULE INFORMATION:   STATIC OVERLAYABLE
   CODE SIZE        =    147    ----
   CONSTANT SIZE    =     16    ----
   XDATA SIZE       =   ----    ----
   PDATA SIZE       =   ----    ----
   DATA SIZE        =      2       1
   IDATA SIZE       =   ----    ----
   BIT SIZE         =   ----    ----
END OF MODULE INFORMATION.


C51 COMPILATION COMPLETE.  0 WARNING(S),  0 ERROR(S)
