C51 COMPILER V9.54   MAIN                                                                  08/26/2018 15:49:23 PAGE 1   


C51 COMPILER V9.54, COMPILATION OF MODULE MAIN
OBJECT MODULE PLACED IN .\obj\main.obj
COMPILER INVOKED BY: d:\Keil_v5\C51\BIN\C51.EXE main.c OPTIMIZE(8,SPEED) BROWSE DEBUG OBJECTEXTEND PRINT(.\obj\main.lst)
                    - TABS(2) OBJECT(.\obj\main.obj)

line level    source

   1          /*******************************************************************************
   2          * 版  权  : 红梅科技工作室
   3          * 论  坛  ：https://blog.csdn.net/Qingzhusshuiyun
   4          * Q Q     ：2369099714
   5          * 版权所有，盗版必究。
   6          * 工  程   : ps2键盘1602显示
   7          * 文件名   : ps2键盘1602显示.c
   8          * 处理器   : STC89C52RC
   9          * 编译环境 : Keil 5
  10          * 系统时钟 : 12MHZ
  11          * 版    本  : V1.0 
  12          * 生成日期  : 2018-08-06              
  13          * 修改日期  :  
  14          * 简单描述 : 测试Ps2键盘读入信息  
  15          *******************************************************************************/
  16          
  17          #include<reg52.h> //包含头文件，一般情况不需要改动，头文件包含特殊功能寄存器的定义
  18          #include "delay.h"
  19          #include "1602.h"
  20          #include "ps2.h"
  21          
  22          void main(void)
  23          {
  24   1      
  25   1      
  26   1       LCD_Init();
  27   1       DelayMs(10);
  28   1       LCD_Clear();
  29   1       PS2_Init();
  30   1       LCD_Write_String(0,0,"www.doflye.net ");
  31   1       LCD_Write_String(0,1,"press the key! ");
  32   1       
  33   1      
  34   1       while(1)
  35   1       {
  36   2        Read_KeyBoard(); //读取键盘值，循环显示到液晶
  37   2       }
  38   1      }


MODULE INFORMATION:   STATIC OVERLAYABLE
   CODE SIZE        =     44    ----
   CONSTANT SIZE    =     32    ----
   XDATA SIZE       =   ----    ----
   PDATA SIZE       =   ----    ----
   DATA SIZE        =   ----    ----
   IDATA SIZE       =   ----    ----
   BIT SIZE         =   ----    ----
END OF MODULE INFORMATION.


C51 COMPILATION COMPLETE.  0 WARNING(S),  0 ERROR(S)
