C51 COMPILER V9.54   MAIN                                                                  08/26/2018 15:38:18 PAGE 1   


C51 COMPILER V9.54, COMPILATION OF MODULE MAIN
OBJECT MODULE PLACED IN .\obj\main.obj
COMPILER INVOKED BY: d:\Keil_v5\C51\BIN\C51.EXE main.c OPTIMIZE(8,SPEED) BROWSE DEBUG OBJECTEXTEND PRINT(.\obj\main.lst)
                    - TABS(2) OBJECT(.\obj\main.obj)

line level    source

   1          /*******************************************************************************
   2          * 版  权  : 红梅科技工作室
   3          * 论  坛  ：https://blog.csdn.net/Qingzhusshuiyun
   4          * Q Q     ：2369099714
   5          * 版权所有，盗版必究。
   6          * 工  程   : 多个18b20液晶显示
   7          * 文件名   : 多个18b20液晶显示.c
   8          * 处理器   : STC89C52RC
   9          * 编译环境 : Keil 5
  10          * 系统时钟 : 12MHZ
  11          * 版    本  : V1.0 
  12          * 生成日期  : 2018-08-03              
  13          * 修改日期  :  
  14          * 简单描述 : 
  15          *******************************************************************************/
  16          
  17          #include<reg52.h> //包含头文件，一般情况不需要改动，头文件包含特殊功能寄存器的定义
  18          #include<stdio.h>
  19          #include "18b20.h"
  20          #include "18b20a.h"
  21          #include "1602.h"
  22          #include "delay.h"
  23          
  24          bit ReadTempFlag;//定义读时间标志
  25          
  26          void Init_Timer0(void);//定时器初始化
  27          /*------------------------------------------------
  28                        串口通讯初始化
  29          ------------------------------------------------*/
  30          void UART_Init(void)
  31          {
  32   1          SCON  = 0x50;           // SCON: 模式 1, 8-bit UART, 使能接收  
  33   1          TMOD |= 0x20;               // TMOD: timer 1, mode 2, 8-bit 重装
  34   1          TH1   = 0xFD;               // TH1:  重装值 9600 波特率 晶振 11.0592MHz  
  35   1          TR1   = 1;                  // TR1:  timer 1 打开                         
  36   1          //EA    = 1;                  //打开总中断
  37   1          //ES    = 1;                  //打开串口中断
  38   1        TI=1;
  39   1      }
  40          /*------------------------------------------------
  41                              主函数
  42          ------------------------------------------------*/
  43          void main (void)
  44          {                  
  45   1      int temp;
  46   1      float temperature;
  47   1      char displaytemp[16];//定义显示区域临时存储数组
  48   1      
  49   1      LCD_Init();           //初始化液晶
  50   1      DelayMs(20);          //延时有助于稳定
  51   1      LCD_Clear();          //清屏
  52   1      Init_Timer0();
  53   1      UART_Init();
  54   1      Lcd_User_Chr();       //写入自定义字符
C51 COMPILER V9.54   MAIN                                                                  08/26/2018 15:38:18 PAGE 2   

  55   1      
  56   1      LCD_Write_Char(13,0,0x01);//写入温度右上角点
  57   1      LCD_Write_Char(14,0,'C'); //写入字符C
  58   1      
  59   1      LCD_Write_Char(13,1,0x01);//写入温度右上角点
  60   1      LCD_Write_Char(14,1,'C'); //写入字符C
  61   1      
  62   1      while (1)         //主循环
  63   1        {
  64   2      
  65   2      if(ReadTempFlag==1)
  66   2       {
  67   3        ReadTempFlag=0;
  68   3        temp=ReadTemperature();
  69   3        temperature=(float)temp*0.0625;
  70   3        sprintf(displaytemp,"Temp1 %7.3f",temperature);//打印温度值
  71   3        LCD_Write_String(0,0,displaytemp);//显示第二行
  72   3      
  73   3        temp=ReadTemperature_a();
  74   3        temperature=(float)temp*0.0625;
  75   3        sprintf(displaytemp,"Temp2 %7.3f",temperature);//打印温度值
  76   3        LCD_Write_String(0,1,displaytemp);//显示第二行
  77   3        } 
  78   2       }
  79   1      }
  80          
  81          /*------------------------------------------------
  82                              定时器初始化子程序
  83          ------------------------------------------------*/
  84          void Init_Timer0(void)
  85          {
  86   1       TMOD |= 0x01;    //使用模式1，16位定时器，使用"|"符号可以在使用多个定时器时不受影响         
  87   1       //TH0=0x00;        //给定初值
  88   1       //TL0=0x00;
  89   1       EA=1;            //总中断打开
  90   1       ET0=1;           //定时器中断打开
  91   1       TR0=1;           //定时器开关打开
  92   1      }
  93          /*------------------------------------------------
  94                           定时器中断子程序
  95          ------------------------------------------------*/
  96          void Timer0_isr(void) interrupt 1 
  97          {
  98   1       static unsigned int num;
  99   1       TH0=(65536-2000)/256;      //重新赋值 2ms
 100   1       TL0=(65536-2000)%256;
 101   1       
 102   1       num++;
 103   1       if(num==600)        //
 104   1         {
 105   2          num=0;
 106   2          ReadTempFlag=1; //读标志位置1
 107   2        }
 108   1      }
 109          
 110          


MODULE INFORMATION:   STATIC OVERLAYABLE
   CODE SIZE        =    270    ----
   CONSTANT SIZE    =     24    ----
   XDATA SIZE       =   ----    ----
C51 COMPILER V9.54   MAIN                                                                  08/26/2018 15:38:18 PAGE 3   

   PDATA SIZE       =   ----    ----
   DATA SIZE        =      2      22
   IDATA SIZE       =   ----    ----
   BIT SIZE         =      1    ----
END OF MODULE INFORMATION.


C51 COMPILATION COMPLETE.  0 WARNING(S),  0 ERROR(S)
