C51 COMPILER V9.54   1602                                                                  08/27/2018 10:18:54 PAGE 1   


C51 COMPILER V9.54, COMPILATION OF MODULE 1602
OBJECT MODULE PLACED IN .\obj\1602.obj
COMPILER INVOKED BY: d:\Keil_v5\C51\BIN\C51.EXE 1602.c OPTIMIZE(8,SPEED) BROWSE DEBUG OBJECTEXTEND PRINT(.\obj\1602.lst)
                    - TABS(2) OBJECT(.\obj\1602.obj)

line level    source

   1          /*******************************************************************************
   2          * 版  权  : 红梅科技工作室
   3          * 论  坛  ：https://blog.csdn.net/Qingzhusshuiyun
   4          * Q Q     ：2369099714
   5          * 版权所有，盗版必究。
   6          * 工  程   : 综合测试
   7          * 文件名   : 综合测试.c
   8          * 处理器   : STC89C52RC
   9          * 编译环境 : Keil 5
  10          * 系统时钟 : 12MHZ
  11          * 版    本  : V1.0 
  12          * 生成日期  : 2018-08-29              
  13          * 修改日期  :  
  14          * 简单描述 : 1-VSS 2-VDD 3-V0 4-RS 5-R/W 6-E 7-14 DB0-DB7 15-BLA 16-BLK
  15          *******************************************************************************/
  16          #include "1602.h"
  17          #include "delay.h"
  18          
  19          
  20          
  21          /*------------------------------------------------
  22                        判忙函数
  23          ------------------------------------------------*/
  24          /* bit LCD_Check_Busy(void) 
  25           { 
  26           DataPort= 0xFF; 
  27           RS_CLR; 
  28           RW_SET; 
  29           EN_CLR; 
  30           _nop_(); 
  31           EN_SET;
  32           return (bit)(DataPort & 0x80);
  33           }*/
  34          /*------------------------------------------------
  35                        写入命令函数
  36          ------------------------------------------------*/
  37           void LCD_Write_Com(unsigned char com) 
  38           {  
  39   1       //while(LCD_Check_Busy()); //忙则等待
  40   1       DelayMs(5);
  41   1       RS_CLR; 
  42   1       RW_CLR; 
  43   1       EN_SET; 
  44   1       DataPort= com; 
  45   1       _nop_(); 
  46   1       EN_CLR;
  47   1       }
  48          /*------------------------------------------------
  49                        写入数据函数
  50          ------------------------------------------------*/
  51           void LCD_Write_Data(unsigned char Data) 
  52           { 
  53   1       //while(LCD_Check_Busy()); //忙则等待
  54   1       DelayMs(5);
C51 COMPILER V9.54   1602                                                                  08/27/2018 10:18:54 PAGE 2   

  55   1       RS_SET; 
  56   1       RW_CLR; 
  57   1       EN_SET; 
  58   1       DataPort= Data; 
  59   1       _nop_();
  60   1       EN_CLR;
  61   1       }
  62          
  63          /*------------------------------------------------
  64                          清屏函数
  65          ------------------------------------------------*/
  66           /*void LCD_Clear(void) 
  67           { 
  68           LCD_Write_Com(0x01); 
  69           DelayMs(5);
  70           }*/
  71          /*------------------------------------------------
  72                        写入字符串函数
  73          ------------------------------------------------*/
  74           void LCD_Write_String(unsigned char x,unsigned char y,unsigned char *s) 
  75           {     
  76   1       if (y == 0) 
  77   1        {     
  78   2         LCD_Write_Com(0x80 + x);     //表示第一行
  79   2        }
  80   1       else 
  81   1        {      
  82   2        LCD_Write_Com(0xC0 + x);      //表示第二行
  83   2        }        
  84   1       while (*s) 
  85   1        {     
  86   2       LCD_Write_Data( *s);     
  87   2       s ++;     
  88   2        }
  89   1       }
  90          /*------------------------------------------------
  91                        写入字符函数
  92          ------------------------------------------------*/
  93          /* void LCD_Write_Char(unsigned char x,unsigned char y,unsigned char Data) 
  94           {     
  95           if (y == 0) 
  96            {     
  97            LCD_Write_Com(0x80 + x);     
  98            }    
  99           else 
 100            {     
 101            LCD_Write_Com(0xC0 + x);     
 102            }        
 103           LCD_Write_Data( Data);  
 104           }*/
 105          /*------------------------------------------------
 106                        初始化函数
 107          ------------------------------------------------*/
 108           void LCD_Init(void) 
 109           {
 110   1         LCD_Write_Com(0x38);    /*显示模式设置*/ 
 111   1         DelayMs(5); 
 112   1         LCD_Write_Com(0x38); 
 113   1         DelayMs(5); 
 114   1         LCD_Write_Com(0x38); 
 115   1         DelayMs(5); 
 116   1         LCD_Write_Com(0x38);  
C51 COMPILER V9.54   1602                                                                  08/27/2018 10:18:54 PAGE 3   

 117   1         LCD_Write_Com(0x08);    /*显示关闭*/ 
 118   1         LCD_Write_Com(0x01);    /*显示清屏*/ 
 119   1         LCD_Write_Com(0x06);    /*显示光标移动设置*/ 
 120   1         DelayMs(5); 
 121   1         LCD_Write_Com(0x0C);    /*显示开及光标设置*/
 122   1         }
 123             
 124          


MODULE INFORMATION:   STATIC OVERLAYABLE
   CODE SIZE        =    154    ----
   CONSTANT SIZE    =   ----    ----
   XDATA SIZE       =   ----    ----
   PDATA SIZE       =   ----    ----
   DATA SIZE        =   ----       6
   IDATA SIZE       =   ----    ----
   BIT SIZE         =   ----    ----
END OF MODULE INFORMATION.


C51 COMPILATION COMPLETE.  0 WARNING(S),  0 ERROR(S)
