C51 COMPILER V9.54   18B20                                                                 08/27/2018 10:18:53 PAGE 1   


C51 COMPILER V9.54, COMPILATION OF MODULE 18B20
OBJECT MODULE PLACED IN .\obj\18b20.obj
COMPILER INVOKED BY: d:\Keil_v5\C51\BIN\C51.EXE 18b20.c OPTIMIZE(8,SPEED) BROWSE DEBUG OBJECTEXTEND PRINT(.\obj\18b20.ls
                    -t) TABS(2) OBJECT(.\obj\18b20.obj)

line level    source

   1          /*******************************************************************************
   2          * 版  权  : 红梅科技工作室
   3          * 论  坛  ：https://blog.csdn.net/Qingzhusshuiyun
   4          * Q Q     ：2369099714
   5          * 版权所有，盗版必究。
   6          * 工  程   : 综合测试
   7          * 文件名   : 综合测试.c
   8          * 处理器   : STC89C52RC
   9          * 编译环境 : Keil 5
  10          * 系统时钟 : 12MHZ
  11          * 版    本  : V1.0 
  12          * 生成日期  : 2018-08-29              
  13          * 修改日期  :  
  14          * 简单描述 : 18B20单线温度检测的应用样例程序
  15          *******************************************************************************/
  16          
  17          #include"delay.h"
  18          #include"18b20.h"
  19          
  20          unsigned char   RomCode[8] ; 
  21          unsigned char   Rom[][8]={
  22                                    0x28,0x54,0x5e,0xac,0x01,0x00,0x00,0xcb,
  23                        0x28,0xac,0xbe,0x03,0x03,0x00,0x00,0x15,
  24                                    };
  25          /*------------------------------------------------
  26                              18b20初始化
  27          ------------------------------------------------*/
  28          bit Init_DS18B20(void)
  29          {
  30   1       bit dat=0;
  31   1       DQ = 1;    //DQ复位
  32   1       DelayUs2x(5);   //稍做延时
  33   1       DQ = 0;         //单片机将DQ拉低
  34   1       DelayUs2x(200); //精确延时 大于 480us 小于960us
  35   1       DelayUs2x(200);
  36   1       DQ = 1;        //拉高总线
  37   1       DelayUs2x(50); //15~60us 后 接收60-240us的存在脉冲
  38   1       dat=DQ;        //如果x=0则初始化成功, x=1则初始化失败
  39   1       DelayUs2x(25); //稍作延时返回
  40   1       return dat;
  41   1      }
  42          
  43          /*------------------------------------------------
  44                              读取一个字节
  45          ------------------------------------------------*/
  46          unsigned char ReadOneChar(void)
  47          {
  48   1      unsigned char i=0;
  49   1      unsigned char dat = 0;
  50   1      for (i=8;i>0;i--)
  51   1       {
  52   2        DQ = 0; // 给脉冲信号
  53   2        dat>>=1;
  54   2        DQ = 1; // 给脉冲信号
C51 COMPILER V9.54   18B20                                                                 08/27/2018 10:18:53 PAGE 2   

  55   2        if(DQ)
  56   2         dat|=0x80;
  57   2        DelayUs2x(25);
  58   2       }
  59   1       return(dat);
  60   1      }
  61          /*------------------------------------------------
  62                              写入一个字节
  63          ------------------------------------------------*/
  64          void WriteOneChar(unsigned char dat)
  65          {
  66   1       unsigned char i=0;
  67   1       for (i=8; i>0; i--)
  68   1       {
  69   2        DQ = 0;
  70   2        DQ = dat&0x01;
  71   2        DelayUs2x(25);
  72   2        DQ = 1;
  73   2        dat>>=1;
  74   2       }
  75   1      DelayUs2x(25);
  76   1      }
  77          
  78          /*------------------------------------------------
  79                              读取温度
  80          ------------------------------------------------*/
  81          unsigned int ReadTemperature(void)
  82          {
  83   1      unsigned char a=0;
  84   1      unsigned int b=0;
  85   1      unsigned int t=0;
  86   1      Init_DS18B20();
  87   1      WriteOneChar(0xCC); // 跳过读序号列号的操作
  88   1      WriteOneChar(0x44); // 启动温度转换
  89   1      DelayMs(10);
  90   1      Init_DS18B20();
  91   1      WriteOneChar(0xCC); //跳过读序号列号的操作 
  92   1      WriteOneChar(0xBE); //读取温度寄存器等（共可读9个寄存器） 前两个就是温度
  93   1      a=ReadOneChar();   //低位
  94   1      b=ReadOneChar();   //高位
  95   1      
  96   1      b<<=8;
  97   1      t=a+b;
  98   1      
  99   1      return(t);
 100   1      }


MODULE INFORMATION:   STATIC OVERLAYABLE
   CODE SIZE        =    183    ----
   CONSTANT SIZE    =   ----    ----
   XDATA SIZE       =   ----    ----
   PDATA SIZE       =   ----    ----
   DATA SIZE        =     24       5
   IDATA SIZE       =   ----    ----
   BIT SIZE         =   ----       1
END OF MODULE INFORMATION.


C51 COMPILATION COMPLETE.  0 WARNING(S),  0 ERROR(S)
