C51 COMPILER V9.54   UART                                                                  08/27/2018 10:18:53 PAGE 1   


C51 COMPILER V9.54, COMPILATION OF MODULE UART
OBJECT MODULE PLACED IN .\obj\uart.obj
COMPILER INVOKED BY: d:\Keil_v5\C51\BIN\C51.EXE uart.c OPTIMIZE(8,SPEED) BROWSE DEBUG OBJECTEXTEND PRINT(.\obj\uart.lst)
                    - TABS(2) OBJECT(.\obj\uart.obj)

line level    source

   1          /*******************************************************************************
   2          * 版  权  : 红梅科技工作室
   3          * 论  坛  ：https://blog.csdn.net/Qingzhusshuiyun
   4          * Q Q     ：2369099714
   5          * 版权所有，盗版必究。
   6          * 工  程   : 综合测试
   7          * 文件名   : 综合测试.c
   8          * 处理器   : STC89C52RC
   9          * 编译环境 : Keil 5
  10          * 系统时钟 : 12MHZ
  11          * 版    本  : V1.0 
  12          * 生成日期  : 2018-08-29              
  13          * 修改日期  :  
  14          * 简单描述 : 连接好串口或者usb转串口至电脑，下载该程序，打开电源
  15                  打开串口调试程序，将波特率设置为9600，无奇偶校验
  16                  晶振11.0592MHz，发送和接收使用的格式相同，如都使用
  17                  字符型格式，按复位重启程序，可以看到接收到 UART test
  18          *******************************************************************************/
  19           
  20          #include<reg52.h> //包含头文件，一般情况不需要改动，头文件包含特殊功能寄存器的定义                        
  21          #include"uart.h"
  22          #include <stdio.h> 
  23          /*------------------------------------------------
  24                             函数声明
  25          ------------------------------------------------*/
  26          void UartSendStr(unsigned char *s);
  27          
  28          /*------------------------------------------------
  29                              串口初始化
  30          ------------------------------------------------*/
  31          void InitUART  (void)
  32          {
  33   1      
  34   1          SCON  = 0x50;           // SCON: 模式 1, 8-bit UART, 使能接收  
  35   1          TMOD |= 0x20;               // TMOD: timer 1, mode 2, 8-bit 重装
  36   1          TH1   = 0xFD;               // TH1:  重装值 9600 波特率 晶振 11.0592MHz  
  37   1          TR1   = 1;                  // TR1:  timer 1 打开                         
  38   1          //EA    = 1;                  //打开总中断
  39   1          //ES    = 1;                  //打开串口中断
  40   1        TI    = 1;                  //发送允许
  41   1      }                            
  42          
  43          /*------------------------------------------------
  44                               串口中断程序
  45          ------------------------------------------------*/
  46          void UART_SER (void) interrupt 4 //串行中断服务程序
  47          {
  48   1          unsigned char Temp;          //定义临时变量 
  49   1         
  50   1         if(RI)                        //判断是接收中断产生
  51   1           {
  52   2          RI=0;                      //标志位清零
  53   2          Temp=SBUF;                 //读入缓冲区的值
  54   2          P1=Temp;                   //把值输出到P1口，用于观察
C51 COMPILER V9.54   UART                                                                  08/27/2018 10:18:53 PAGE 2   

  55   2            SBUF=Temp;                 //把接收到的值再发回电脑端
  56   2         }
  57   1         if(TI)                        //如果是发送标志位，清零
  58   1           TI=0;
  59   1      } 
  60          


MODULE INFORMATION:   STATIC OVERLAYABLE
   CODE SIZE        =     42    ----
   CONSTANT SIZE    =   ----    ----
   XDATA SIZE       =   ----    ----
   PDATA SIZE       =   ----    ----
   DATA SIZE        =   ----    ----
   IDATA SIZE       =   ----    ----
   BIT SIZE         =   ----    ----
END OF MODULE INFORMATION.


C51 COMPILATION COMPLETE.  0 WARNING(S),  0 ERROR(S)
