C51 COMPILER V9.54   MAIN                                                                  08/26/2018 16:41:46 PAGE 1   


C51 COMPILER V9.54, COMPILATION OF MODULE MAIN
OBJECT MODULE PLACED IN .\obj\main.obj
COMPILER INVOKED BY: d:\Keil_v5\C51\BIN\C51.EXE main.c OPTIMIZE(8,SPEED) BROWSE DEBUG OBJECTEXTEND PRINT(.\obj\main.lst)
                    - TABS(2) OBJECT(.\obj\main.obj)

line level    source

   1          /*******************************************************************************
   2          * 版  权  : 红梅科技工作室
   3          * 论  坛  ：https://blog.csdn.net/Qingzhusshuiyun
   4          * Q Q     ：2369099714
   5          * 版权所有，盗版必究。
   6          * 工  程   : 频率计
   7          * 文件名   : 频率计.c
   8          * 处理器   : STC89C52RC
   9          * 编译环境 : Keil 5
  10          * 系统时钟 : 12MHZ
  11          * 版    本  : V1.0 
  12          * 生成日期  : 2018-08-19              
  13          * 修改日期  :  
  14          * 简单描述 : T0外部计数，T1计时1S，计算1S内外部脉冲个数，并在液晶显示
  15                  频率：单位时间内完成振动的次数
  16          *******************************************************************************/
  17          
  18          #include<reg52.h> //包含头文件，一般情况不需要改动，头文件包含特殊功能寄存器的定义
  19          #include<stdio.h>
  20          #include"1602.h"
  21          #include"delay.h"
  22          #define HIGH (65536-10000)/256
  23          #define LOW  (65536-10000)%256
  24          
  25          sbit LED=P1^2;    //定义LED端口
  26          bit OVERFLOWFLAG;
  27          bit TIMERFLAG;
  28          /*------------------------------------------------
  29                              定时器0初始化子程序
  30                    本程序用于计数
  31          ------------------------------------------------*/
  32          void Init_Timer0(void)
  33          {
  34   1       TMOD |= 0x01 | 0x04;   //使用模式1，16位计数器，使用"|"符号可以在使用多个定时器时不受影响         
  35   1       TH0=0x00;        //给定初值
  36   1       TL0=0x00;         
  37   1       EA=1;            //总中断打开
  38   1       ET0=1;           //定时器中断打开
  39   1       TR0=1;           //定时器开关打开
  40   1      }
  41          /*------------------------------------------------
  42                              定时器1初始化子程序
  43                    本程序用于定时
  44          ------------------------------------------------*/
  45          void Init_Timer1(void)
  46          {
  47   1       TMOD |= 0x10;    //使用模式1，16位定时器，使用"|"符号可以在使用多个定时器时不受影响 
  48   1       TH1=HIGH;        //给定初值，这里使用定时器最大值从0开始计数一直到65535溢出
  49   1       TL1=LOW;
  50   1       EA=1;            //总中断打开
  51   1       ET1=1;           //定时器中断打开
  52   1       TR1=1;           //定时器开关打开
  53   1      }
  54          /*------------------------------------------------
C51 COMPILER V9.54   MAIN                                                                  08/26/2018 16:41:46 PAGE 2   

  55                              主程序
  56          ------------------------------------------------*/
  57          main()
  58          {
  59   1       unsigned  long int a;
  60   1       char temp[16];      //定义字符显示缓冲数组
  61   1       Init_Timer0();      //初始化定时器0
  62   1       Init_Timer1();      //初始化定时器1
  63   1       LCD_Init();         //初始化液晶屏
  64   1       DelayMs(10);        //延时用于稳定，可以去掉
  65   1       LCD_Clear();        //清屏
  66   1       LCD_Write_String(0,0,"www.doflye.net");//写入第一行信息，主循环中不再更改此信息，所以在while之前写入
  67   1       while(1)
  68   1       {
  69   2        if(OVERFLOWFLAG)//检测溢出标志，如果溢出表明频率过高，显示溢出信息
  70   2          {
  71   3         OVERFLOWFLAG=0;//标志清零
  72   3           LCD_Write_String(0,1,"overflow >655KHz");
  73   3        }
  74   2        if(TIMERFLAG)      //定时100ms到，做数据处理
  75   2          {
  76   3         a=TL0+TH0*256;//读取计数值
  77   3         a=a*10;     //扩大到实际值
  78   3           sprintf(temp,"FREQ:%08.0f Hz",(float)a);
  79   3           LCD_Write_String(0,1,temp);//显示到液晶第二行
  80   3         TR0=1;                     //2个定时器打开
  81   3         TR1=1;
  82   3         TH0=0;                     //保证计数器初值为0
  83   3         TL0=0;
  84   3         TIMERFLAG=0;               //打开计时计数标志
  85   3         
  86   3        }
  87   2        }
  88   1      }
  89          
  90          /*------------------------------------------------
  91                           定时器0中断子程序
  92          ------------------------------------------------*/
  93          void Timer0_isr(void) interrupt 1
  94          {
  95   1       TH0=00;        //重新给定初值
  96   1       TL0=00; 
  97   1      
  98   1       OVERFLOWFLAG=1;  //溢出标志
  99   1      
 100   1      }
 101          /*------------------------------------------------
 102                           定时器1中断子程序
 103          ------------------------------------------------*/
 104          void Timer1_isr(void) interrupt 3
 105          {
 106   1       static unsigned char i;
 107   1       TH1=HIGH;     //重新赋值10ms
 108   1       TL1=LOW;
 109   1      
 110   1       i++;
 111   1       if(i==10)       //100ms 计数时间单位，得出100ms脉冲个数 x10就是1s中脉冲个数，即为频率 Hz 
 112   1         {
 113   2         i=0;
 114   2         TR0=0;        //2个定时器关闭
 115   2         TR1=0;
 116   2         TIMERFLAG=1;  //标志位清零
C51 COMPILER V9.54   MAIN                                                                  08/26/2018 16:41:46 PAGE 3   

 117   2         TH1=HIGH;   //重新赋值
 118   2         TL1=LOW;
 119   2         }
 120   1      }


MODULE INFORMATION:   STATIC OVERLAYABLE
   CODE SIZE        =    226    ----
   CONSTANT SIZE    =     47    ----
   XDATA SIZE       =   ----    ----
   PDATA SIZE       =   ----    ----
   DATA SIZE        =      1      20
   IDATA SIZE       =   ----    ----
   BIT SIZE         =      2    ----
END OF MODULE INFORMATION.


C51 COMPILATION COMPLETE.  0 WARNING(S),  0 ERROR(S)
