C51 COMPILER V7.06   _辔皇__键加_                                                        05/17/2010 09:40:34 PAGE 1   


C51 COMPILER V7.06, COMPILATION OF MODULE _辔皇__键加_
OBJECT MODULE PLACED IN .\obj\多位数按键加减.obj
COMPILER INVOKED BY: d:\Keil\C51\BIN\C51.EXE 多位数按键加减.c BROWSE DEBUG OBJECTEXTEND PRINT(.\obj\多位数按键加减.lst) 
                    -OBJECT(.\obj\多位数按键加减.obj)

stmt level    source

   1          /*-----------------------------------------------
   2            名称：单个独立按键控制
   3            论坛：www.doflye.net
   4            编写：shifang
   5            日期：2009.5
   6            修改：无
   7            内容：按键加减数字，多个数码管显示
   8          ------------------------------------------------*/
   9          #include<reg52.h> //包含头文件，一般情况不需要改动，头文件包含特殊功能寄存器的定义
  10          
  11          sbit KEY_ADD=P3^3;  //定义按键输入端口
  12          sbit KEY_DEC=P3^4;
  13          
  14          #define DataPort P0 //定义数据端口 程序中遇到DataPort 则用P0 替换
  15          sbit LATCH1=P2^0;//定义锁存使能端口 段锁存
  16          sbit LATCH2=P2^3;//                 位锁存
  17          
  18          unsigned char code dofly_DuanMa[10]={0x3f,0x06,0x5b,0x4f,0x66,0x6d,0x7d,0x07,0x7f,0x6f};// 显示段码值0~9
  19          unsigned char code dofly_WeiMa[]={0xfe,0xfd,0xfb,0xf7,0xef,0xdf,0xbf,0x7f};//分别对应相应的数码管点亮,即位
             -码
  20          unsigned char TempData[8]; //存储显示值的全局变量
  21          
  22          void DelayUs2x(unsigned char t);//函数声明 
  23          void DelayMs(unsigned char t);
  24          void Display(unsigned char FirstBit,unsigned char Num);
  25          /*------------------------------------------------
  26                              主函数
  27          ------------------------------------------------*/
  28          void main (void)
  29          {
  30   1      unsigned char num=0;                  
  31   1      KEY_ADD=1; //按键输入端口电平置高
  32   1      while (1)         //主循环
  33   1        {
  34   2      
  35   2        if(!KEY_ADD)  //如果检测到低电平，说明按键按下
  36   2          {
  37   3               Display(0,8);  //用扫描函数代替延时 大约 16ms
  38   3               //DelayMs(10); //延时去抖，一般10-20ms
  39   3           if(!KEY_ADD)     //再次确认按键是否按下，没有按下则退出
  40   3                 {
  41   4              while(!KEY_ADD)Display(0,8);//如果确认按下按键等待按键释放，没有释放则一直等待
  42   4                     {
  43   5                         if(num<99)    //加操作
  44   5                        num++;
  45   5      
  46   5                              }
  47   4                 }
  48   3              }
  49   2      
  50   2       if(!KEY_DEC)  //如果检测到低电平，说明按键按下
  51   2          {
  52   3               Display(0,8);
  53   3               //DelayMs(10); //延时去抖，一般10-20ms
C51 COMPILER V7.06   _辔皇__键加_                                                        05/17/2010 09:40:34 PAGE 2   

  54   3           if(!KEY_DEC)     //再次确认按键是否按下，没有按下则退出
  55   3                 {
  56   4             while(!KEY_DEC)Display(0,8);;//如果确认按下按键等待按键释放，没有释放则一直等待
  57   4                     {
  58   5                     if(num>0)  //减操作
  59   5                        num--;
  60   5                              }
  61   4                 }
  62   3              }
  63   2                 TempData[0]=dofly_DuanMa[num/10];//分解显示信息，如要显示68，则68/10=6  68%10=8  
  64   2                 TempData[1]=dofly_DuanMa[num%10];
  65   2                 Display(0,8); //显示全部8位
  66   2           //主循环中添加其他需要一直工作的程序
  67   2              
  68   2        }
  69   1      }
  70          /*------------------------------------------------
  71           uS延时函数，含有输入参数 unsigned char t，无返回值
  72           unsigned char 是定义无符号字符变量，其值的范围是
  73           0~255 这里使用晶振12M，精确延时请使用汇编,大致延时
  74           长度如下 T=tx2+5 uS 
  75          ------------------------------------------------*/
  76          void DelayUs2x(unsigned char t)
  77          {   
  78   1       while(--t);
  79   1      }
  80          /*------------------------------------------------
  81           mS延时函数，含有输入参数 unsigned char t，无返回值
  82           unsigned char 是定义无符号字符变量，其值的范围是
  83           0~255 这里使用晶振12M，精确延时请使用汇编
  84          ------------------------------------------------*/
  85          void DelayMs(unsigned char t)
  86          {
  87   1           
  88   1       while(t--)
  89   1       {
  90   2           //大致延时1mS
  91   2           DelayUs2x(245);
  92   2               DelayUs2x(245);
  93   2       }
  94   1      }
  95          /*------------------------------------------------
  96           显示函数，用于动态扫描数码管
  97           输入参数 FirstBit 表示需要显示的第一位，如赋值2表示从第三个数码管开始显示
  98           如输入0表示从第一个显示。
  99           Num表示需要显示的位数，如需要显示99两位数值则该值输入2
 100          ------------------------------------------------*/
 101          void Display(unsigned char FirstBit,unsigned char Num)
 102          {
 103   1            unsigned char i;
 104   1                
 105   1                for(i=0;i<Num;i++)
 106   1                 { 
 107   2                 DataPort=0;   //清空数据，防止有交替重影
 108   2             LATCH1=1;     //段锁存
 109   2             LATCH1=0;
 110   2      
 111   2             DataPort=dofly_WeiMa[i+FirstBit]; //取位码 
 112   2             LATCH2=1;     //位锁存
 113   2             LATCH2=0;
 114   2      
 115   2             DataPort=TempData[i]; //取显示数据，段码
C51 COMPILER V7.06   _辔皇__键加_                                                        05/17/2010 09:40:34 PAGE 3   

 116   2             LATCH1=1;     //段锁存
 117   2             LATCH1=0;
 118   2             
 119   2                 DelayMs(2); // 扫描间隙延时，时间太长会闪烁，太短会造成重影
 120   2      
 121   2             }
 122   1      
 123   1      }


MODULE INFORMATION:   STATIC OVERLAYABLE
   CODE SIZE        =    161    ----
   CONSTANT SIZE    =     18    ----
   XDATA SIZE       =   ----    ----
   PDATA SIZE       =   ----    ----
   DATA SIZE        =      8       1
   IDATA SIZE       =   ----    ----
   BIT SIZE         =   ----    ----
END OF MODULE INFORMATION.


C51 COMPILATION COMPLETE.  0 WARNING(S),  0 ERROR(S)
