C51 COMPILER V9.54   MAIN                                                                  08/26/2018 11:30:31 PAGE 1   


C51 COMPILER V9.54, COMPILATION OF MODULE MAIN
OBJECT MODULE PLACED IN .\obj\main.obj
COMPILER INVOKED BY: d:\Keil_v5\C51\BIN\C51.EXE main.c OPTIMIZE(8,SPEED) BROWSE DEBUG OBJECTEXTEND PRINT(.\obj\main.lst)
                    - TABS(2) OBJECT(.\obj\main.obj)

line level    source

   1          /*******************************************************************************
   2          * 版  权  : 红梅科技工作室
   3          * 论  坛  ：https://blog.csdn.net/Qingzhusshuiyun
   4          * Q Q     ：2369099714
   5          * 版权所有，盗版必究。
   6          * 工  程   : pcf8591一路AD数码管显示
   7          * 文件名   : pcf8591一路AD数码管显示.c
   8          * 处理器   : STC89C52RC
   9          * 编译环境 : Keil 5
  10          * 系统时钟 : 12MHZ
  11          * 版    本  : V1.0 
  12          * 生成日期  : 2018-07-18              
  13          * 修改日期  :  
  14          * 简单描述 : 使用4路AD中的1路检测外部模拟量输入
  15          *******************************************************************************/
  16           
  17          #include <reg52.h>                
  18          #include "i2c.h"
  19          #include "delay.h"
  20          #include "display.h"
  21          
  22          #define AddWr 0x90   //写数据地址 
  23          #define AddRd 0x91   //读数据地址
  24          
  25          extern bit ack;
  26          unsigned char ReadADC(unsigned char Chl);
  27          bit WriteDAC(unsigned char dat);
  28          /*------------------------------------------------
  29                        主程序
  30          ------------------------------------------------*/
  31          main()
  32          {
  33   1       unsigned char num=0;
  34   1       Init_Timer0();
  35   1      
  36   1      
  37   1      while (1)         //主循环
  38   1        {
  39   2        
  40   2       num=ReadADC(0);
  41   2       TempData[0]=dofly_DuanMa[num/100];    
  42   2       TempData[1]=dofly_DuanMa[(num%100)/10];
  43   2       TempData[2]=dofly_DuanMa[(num%100)%10];
  44   2       //主循环中添加其他需要一直工作的程序
  45   2       DelayMs(100);
  46   2        }
  47   1      }
  48          /*------------------------------------------------
  49                       读AD转值程序
  50          输入参数 Chl 表示需要转换的通道，范围从0-3
  51          返回值范围0-255
  52          ------------------------------------------------*/
  53          unsigned char ReadADC(unsigned char Chl)
  54           {
C51 COMPILER V9.54   MAIN                                                                  08/26/2018 11:30:31 PAGE 2   

  55   1         unsigned char Val;
  56   1         Start_I2c();               //启动总线
  57   1         SendByte(AddWr);             //发送器件地址
  58   1           if(ack==0)return(0);
  59   1         SendByte(0x40|Chl);            //发送器件子地址
  60   1           if(ack==0)return(0);
  61   1         Start_I2c();
  62   1         SendByte(AddWr+1);
  63   1            if(ack==0)return(0);
  64   1         Val=RcvByte();
  65   1         NoAck_I2c();                 //发送非应位
  66   1         Stop_I2c();                  //结束总线
  67   1        return(Val);
  68   1       }
  69          /*------------------------------------------------
  70                         写入DA转换数值
  71          输入参数：dat 表示需要转换的DA数值，范围是0-255
  72          ------------------------------------------------*/
  73          /*bit WriteDAC(unsigned char dat)
  74          {
  75             Start_I2c();               //启动总线
  76             SendByte(AddWr);             //发送器件地址
  77               if(ack==0)return(0);
  78             SendByte(0x40);            //发送器件子地址
  79               if(ack==0)return(0);
  80             SendByte(dat);             //发送数据
  81               if(ack==0)return(0);
  82             Stop_I2c();  
  83          }*/


MODULE INFORMATION:   STATIC OVERLAYABLE
   CODE SIZE        =    116    ----
   CONSTANT SIZE    =   ----    ----
   XDATA SIZE       =   ----    ----
   PDATA SIZE       =   ----    ----
   DATA SIZE        =   ----       3
   IDATA SIZE       =   ----    ----
   BIT SIZE         =   ----    ----
END OF MODULE INFORMATION.


C51 COMPILATION COMPLETE.  0 WARNING(S),  0 ERROR(S)
