C51 COMPILER V9.54   1602                                                                  08/26/2018 15:21:04 PAGE 1   


C51 COMPILER V9.54, COMPILATION OF MODULE 1602
OBJECT MODULE PLACED IN .\obj\1602.obj
COMPILER INVOKED BY: d:\Keil_v5\C51\BIN\C51.EXE 1602.c OPTIMIZE(8,SPEED) BROWSE DEBUG OBJECTEXTEND PRINT(.\obj\1602.lst)
                    - TABS(2) OBJECT(.\obj\1602.obj)

line level    source

   1          /*******************************************************************************
   2          * 版  权  : 红梅科技工作室
   3          * 论  坛  ：https://blog.csdn.net/Qingzhusshuiyun
   4          * Q Q     ：2369099714
   5          * 版权所有，盗版必究。
   6          * 工  程   : 红外解码1602液晶显示
   7          * 文件名   : 红外解码1602液晶显示.c
   8          * 处理器   : STC89C52RC
   9          * 编译环境 : Keil 5
  10          * 系统时钟 : 12MHZ
  11          * 版    本  : V1.0 
  12          * 生成日期  : 2018-07-28            
  13          * 修改日期  :  
  14          * 简单描述 : 1-VSS 2-VDD 3-V0 4-RS 5-R/W 6-E 7-14 DB0-DB7 15-BLA 16-BLK
  15          *******************************************************************************/
  16           
  17          #include "1602.h"
  18          #include "delay.h"
  19          
  20          #define CHECK_BUSY
  21          
  22          sbit RS = P2^4;   //定义端口 
  23          sbit RW = P2^5;
  24          sbit EN = P2^6;
  25          
  26          #define RS_CLR RS=0 
  27          #define RS_SET RS=1
  28          
  29          #define RW_CLR RW=0 
  30          #define RW_SET RW=1 
  31          
  32          #define EN_CLR EN=0
  33          #define EN_SET EN=1
  34          
  35          #define DataPort P0
  36          
  37          /*------------------------------------------------
  38                        判忙函数
  39          ------------------------------------------------*/
  40           bit LCD_Check_Busy(void) 
  41           { 
  42   1      #ifdef CHECK_BUSY
  43   1       DataPort= 0xFF; 
  44   1       RS_CLR; 
  45   1       RW_SET; 
  46   1       EN_CLR; 
  47   1       _nop_(); 
  48   1       EN_SET;
  49   1       return (bit)(DataPort & 0x80);
  50   1      #else
               return 0;
              #endif
  53   1       }
  54          /*------------------------------------------------
C51 COMPILER V9.54   1602                                                                  08/26/2018 15:21:04 PAGE 2   

  55                        写入命令函数
  56          -----------------   ----------------------------*/
  57           void LCD_Write_Com(unsigned char com) 
  58           {  
  59   1       while(LCD_Check_Busy()); //忙则等待
  60   1       RS_CLR; 
  61   1       RW_CLR; 
  62   1       EN_SET; 
  63   1       DataPort= com; 
  64   1       _nop_(); 
  65   1       EN_CLR;
  66   1       }
  67          /*------------------------------------------------
  68                        写入数据函数
  69          ------------------------------------------------*/
  70           void LCD_Write_Data(unsigned char Data) 
  71           { 
  72   1       while(LCD_Check_Busy()); //忙则等待
  73   1       RS_SET; 
  74   1       RW_CLR; 
  75   1       EN_SET; 
  76   1       DataPort= Data; 
  77   1       _nop_();
  78   1       EN_CLR;
  79   1       }
  80          
  81          /*------------------------------------------------
  82                          清屏函数
  83          ------------------------------------------------*/
  84           void LCD_Clear(void) 
  85           { 
  86   1       LCD_Write_Com(0x01); 
  87   1       DelayMs(5);
  88   1       }
  89          /*------------------------------------------------
  90                        写入字符串函数
  91          ------------------------------------------------*/
  92           void LCD_Write_String(unsigned char x,unsigned char y,unsigned char *s) 
  93           {     
  94   1       if (y == 0) 
  95   1        {     
  96   2         LCD_Write_Com(0x80 + x);     //表示第一行
  97   2        }
  98   1       else 
  99   1        {      
 100   2        LCD_Write_Com(0xC0 + x);      //表示第二行
 101   2        }        
 102   1       while (*s) 
 103   1        {     
 104   2       LCD_Write_Data( *s);     
 105   2       s ++;     
 106   2        }
 107   1       }
 108          /*------------------------------------------------
 109                        写入字符函数
 110          ------------------------------------------------*/
 111          /* void LCD_Write_Char(unsigned char x,unsigned char y,unsigned char Data) 
 112           {     
 113           if (y == 0) 
 114            {     
 115            LCD_Write_Com(0x80 + x);     
 116            }    
C51 COMPILER V9.54   1602                                                                  08/26/2018 15:21:04 PAGE 3   

 117           else 
 118            {     
 119            LCD_Write_Com(0xC0 + x);     
 120            }        
 121           LCD_Write_Data( Data);  
 122           }*/
 123          /*------------------------------------------------
 124                        初始化函数
 125          ------------------------------------------------*/
 126           void LCD_Init(void) 
 127           {
 128   1         LCD_Write_Com(0x38);    /*显示模式设置*/ 
 129   1         DelayMs(5); 
 130   1         LCD_Write_Com(0x38); 
 131   1         DelayMs(5); 
 132   1         LCD_Write_Com(0x38); 
 133   1         DelayMs(5); 
 134   1         LCD_Write_Com(0x38);  
 135   1         LCD_Write_Com(0x08);    /*显示关闭*/ 
 136   1         LCD_Write_Com(0x01);    /*显示清屏*/ 
 137   1         LCD_Write_Com(0x06);    /*显示光标移动设置*/ 
 138   1         DelayMs(5); 
 139   1         LCD_Write_Com(0x0C);    /*显示开及光标设置*/
 140   1         }
 141          


MODULE INFORMATION:   STATIC OVERLAYABLE
   CODE SIZE        =    155    ----
   CONSTANT SIZE    =   ----    ----
   XDATA SIZE       =   ----    ----
   PDATA SIZE       =   ----    ----
   DATA SIZE        =   ----    ----
   IDATA SIZE       =   ----    ----
   BIT SIZE         =   ----    ----
END OF MODULE INFORMATION.


C51 COMPILATION COMPLETE.  0 WARNING(S),  0 ERROR(S)
