C51 COMPILER V9.54   ____________                                                          08/26/2018 15:16:36 PAGE 1   


C51 COMPILER V9.54, COMPILATION OF MODULE ____________
OBJECT MODULE PLACED IN .\obj\ԭ.obj
COMPILER INVOKED BY: d:\Keil_v5\C51\BIN\C51.EXE ԭ.c OPTIMIZE(8,SPEED) BROWSE DEBUG OBJECTEXTEND PRINT(.\obj\
                    -ԭ.lst) TABS(2) OBJECT(.\obj\ԭ.obj)

line level    source

   1          /*******************************************************************************
   2          *   Ȩ  : ÷Ƽ
   3          *   ̳  https://blog.csdn.net/Qingzhusshuiyun
   4          * Q Q     2369099714
   5          * ȨУؾ
   6          *      : 24c02洢ϴʹõ״̬
   7          * ļ   : 24c02洢ϴʹõ״̬.c
   8          *    : STC89C52RC
   9          * 뻷 : Keil 5
  10          * ϵͳʱ : 12MHZ
  11          *       : V1.0 
  12          *   : 2018-07-26            
  13          * ޸  :  
  14          *  : ӺͷյϢӳLED
  15          *******************************************************************************/
  16           
  17          #include<reg52.h> //ͷļһҪĶͷļ⹦ܼĴĶ
  18          
  19          sbit LED=P1^0;// sbit ؼ  LEDP1.0˿ڣLEDԼⶨ׼ķ
  20          
  21          sbit IR_IN=P3^2;
  22          /*------------------------------------------------
  23                              
  24          ------------------------------------------------*/
  25          void main (void)
  26          {
  27   1                      
  28   1      
  29   1      while (1)         //ѭ
  30   1        {
  31   2        LED=IR_IN;//ѭҪһֱĳ
  32   2        }
  33   1      }


MODULE INFORMATION:   STATIC OVERLAYABLE
   CODE SIZE        =      6    ----
   CONSTANT SIZE    =   ----    ----
   XDATA SIZE       =   ----    ----
   PDATA SIZE       =   ----    ----
   DATA SIZE        =   ----    ----
   IDATA SIZE       =   ----    ----
   BIT SIZE         =   ----    ----
END OF MODULE INFORMATION.


C51 COMPILATION COMPLETE.  0 WARNING(S),  0 ERROR(S)
