C51 COMPILER V9.00   1个独立_醇控_LED状态转换                                            05/27/2013 22:31:31 PAGE 1   


C51 COMPILER V9.00, COMPILATION OF MODULE 1个独立_醇控_LED状态转换
OBJECT MODULE PLACED IN .\obj\1个独立按键控制LED状态转换.obj
COMPILER INVOKED BY: D:\学习软件\Keil uVision4\C51\BIN\C51.EXE 1个独立按键控制LED状态转换.c BROWSE DEBUG OBJECTEXTEND PR
                    -INT(.\obj\1个独立按键控制LED状态转换.lst) OBJECT(.\obj\1个独立按键控制LED状态转换.obj)

line level    source

   1          /*-----------------------------------------------
   2            名称：单个独立按键控制led输出状态
   3            论坛：www.doflye.net
   4            编写：shifang
   5            日期：2009.5
   6            修改：无
   7            内容：按一次按键，led点亮，再按一次熄灭，以此循环
   8          ------------------------------------------------*/
   9          #include<reg52.h> //包含头文件，一般情况不需要改动，头文件包含特殊功能寄存器的定义
  10          
  11          sbit KEY=P2^0;  //定义按键输入端口
  12          sbit LED=P1^2;  //定义led输出端口
  13          
  14          
  15          void DelayUs2x(unsigned char t);//函数声明 
  16          void DelayMs(unsigned char t);
  17          /*------------------------------------------------
  18                              主函数
  19          ------------------------------------------------*/
  20          void main (void)
  21          {
  22   1                        
  23   1      KEY=1; //按键输入端口电平置高
  24   1      while (1)         //主循环
  25   1        {
  26   2      
  27   2        if(!KEY)  //如果检测到低电平，说明按键按下
  28   2          {
  29   3               DelayMs(10); //延时去抖，一般10-20ms
  30   3           if(!KEY)     //再次确认按键是否按下，没有按下则退出
  31   3                 {
  32   4              while(!KEY);//如果确认按下按键等待按键释放，没有释放则一直等待
  33   4                     {
  34   5                     LED=!LED;//释放则执行需要的程序
  35   5                              }
  36   4                 }
  37   3              }
  38   2      
  39   2           //主循环中添加其他需要一直工作的程序
  40   2              
  41   2        }
  42   1      }
  43          /*------------------------------------------------
  44           uS延时函数，含有输入参数 unsigned char t，无返回值
  45           unsigned char 是定义无符号字符变量，其值的范围是
  46           0~255 这里使用晶振12M，精确延时请使用汇编,大致延时
  47           长度如下 T=tx2+5 uS 
  48          ------------------------------------------------*/
  49          void DelayUs2x(unsigned char t)
  50          {   
  51   1       while(--t);
  52   1      }
  53          /*------------------------------------------------
  54           mS延时函数，含有输入参数 unsigned char t，无返回值
C51 COMPILER V9.00   1个独立_醇控_LED状态转换                                            05/27/2013 22:31:31 PAGE 2   

  55           unsigned char 是定义无符号字符变量，其值的范围是
  56           0~255 这里使用晶振12M，精确延时请使用汇编
  57          ------------------------------------------------*/
  58          void DelayMs(unsigned char t)
  59          {
  60   1           
  61   1       while(t--)
  62   1       {
  63   2           //大致延时1mS
  64   2           DelayUs2x(245);
  65   2               DelayUs2x(245);
  66   2       }
  67   1      }


MODULE INFORMATION:   STATIC OVERLAYABLE
   CODE SIZE        =     44    ----
   CONSTANT SIZE    =   ----    ----
   XDATA SIZE       =   ----    ----
   PDATA SIZE       =   ----    ----
   DATA SIZE        =   ----    ----
   IDATA SIZE       =   ----    ----
   BIT SIZE         =   ----    ----
END OF MODULE INFORMATION.


C51 COMPILATION COMPLETE.  0 WARNING(S),  0 ERROR(S)
