C51 COMPILER V8.02   _Ƶ˸1_LED                                                  09/03/2013 12:27:30 PAGE 1   


C51 COMPILER V8.02, COMPILATION OF MODULE _Ƶ˸1_LED
OBJECT MODULE PLACED IN .\obj\ͬƵ˸1led.obj
COMPILER INVOKED BY: C:\Keil\C51\BIN\C51.EXE ͬƵ˸1led.c BROWSE DEBUG OBJECTEXTEND PRINT(.\obj\ͬƵ˸1
                    -led.lst) OBJECT(.\obj\ͬƵ˸1led.obj)

line level    source

   1          /*-----------------------------------------------
   2            ƣIOڸߵ͵ƽ
   3            ̳www.doflye.net
   4            дshifang
   5            ڣ2009.5
   6            ޸ģ
   7            ݣP1ڵ1LED˸
   8                  óǵƬѧϰģ
   9                          ͨ˽οƶ˿ڵĸߵ͵ƽ
  10          ------------------------------------------------*/
  11          #include<reg52.h> //ͷļһҪĶ
  12                            //ͷļ⹦ܼĴĶ
  13          
  14          sbit LED0=P1^0;// sbit ؼ  LEDP1.0˿ڣ
  15                         //LEDԼⶨ׼ķ
  16          
  17          
  18          void Delay(unsigned int t); //
  19          /*------------------------------------------------
  20                              
  21          ------------------------------------------------*/
  22          void main (void)
  23          {
  24   1                        //˷ʹbitλԵ˿ڸֵ
  25   1      unsigned char i;  //һ޷ַ;ֲ i ȡֵΧ 0~255
  26   1      
  27   1      while (1)         //ѭ
  28   1        {
  29   2       for(i=0;i<10;i++)   // forѭforѭеĳѭִ10
  30   2        {
  31   3        LED0=0;            //P1.0ڸֵ 0͵ƽ
  32   3        Delay(5000);       //ʱ򣻸ʱֿԸʱȣ
  33   3                           //ڸı˸Ƶ
  34   3        LED0=1;            //P1.0ڸֵ 1ߵƽ
  35   3        Delay(5000);
  36   3        }
  37   2      
  38   2       for(i=0;i<10;i++)
  39   2        {
  40   3        LED0=0;            //P1.0ڸֵ 0͵ƽ
  41   3        Delay(60000);      //ʱ򣻸ʱֿԸʱȣ
  42   3                           //ڸı˸Ƶ
  43   3        LED0=1;            //P1.0ڸֵ 1ߵƽ
  44   3        Delay(60000);      
  45   3       }
  46   2                           //ѭҪһֱĳ
  47   2       }
  48   1      }
  49          /*------------------------------------------------
  50           ʱ unsigned int t޷ֵ
  51           unsigned int Ƕ޷αֵķΧ
  52           0~65535
  53          ------------------------------------------------*/
  54          void Delay(unsigned int t)
C51 COMPILER V8.02   _Ƶ˸1_LED                                                  09/03/2013 12:27:30 PAGE 2   

  55          {
  56   1       while(--t);
  57   1      }


MODULE INFORMATION:   STATIC OVERLAYABLE
   CODE SIZE        =     72    ----
   CONSTANT SIZE    =   ----    ----
   XDATA SIZE       =   ----    ----
   PDATA SIZE       =   ----    ----
   DATA SIZE        =   ----       1
   IDATA SIZE       =   ----    ----
   BIT SIZE         =   ----    ----
END OF MODULE INFORMATION.


C51 COMPILATION COMPLETE.  0 WARNING(S),  0 ERROR(S)
