C51 COMPILER V9.54   18B20                                                                 08/26/2018 15:45:34 PAGE 1   


C51 COMPILER V9.54, COMPILATION OF MODULE 18B20
OBJECT MODULE PLACED IN .\obj\18b20.obj
COMPILER INVOKED BY: d:\Keil_v5\C51\BIN\C51.EXE 18b20.c OPTIMIZE(8,SPEED) BROWSE DEBUG OBJECTEXTEND PRINT(.\obj\18b20.ls
                    -t) TABS(2) OBJECT(.\obj\18b20.obj)

line level    source

   1          /*******************************************************************************
   2          * 版  权  : 红梅科技工作室
   3          * 论  坛  ：https://blog.csdn.net/Qingzhusshuiyun
   4          * Q Q     ：2369099714
   5          * 版权所有，盗版必究。
   6          * 工  程   : 温度可调上下限1602液晶显示测试
   7          * 文件名   : 温度可调上下限1602液晶显示测试.c
   8          * 处理器   : STC89C52RC
   9          * 编译环境 : Keil 5
  10          * 系统时钟 : 12MHZ
  11          * 版    本  : V1.0 
  12          * 生成日期  : 2018-08-05            
  13          * 修改日期  :  
  14          * 简单描述 : 8B20单线温度检测的应用样例程序
  15          *******************************************************************************/
  16          
  17          #include"delay.h"
  18          #include"18b20.h"
  19          /*------------------------------------------------
  20                              18b20初始化
  21          ------------------------------------------------*/
  22          bit Init_DS18B20(void)
  23          {
  24   1       bit dat=0;
  25   1       DQ = 1;    //DQ复位
  26   1       DelayUs2x(5);   //稍做延时
  27   1       DQ = 0;         //单片机将DQ拉低
  28   1       DelayUs2x(200); //精确延时 大于 480us 小于960us
  29   1       DelayUs2x(200);
  30   1       DQ = 1;        //拉高总线
  31   1       DelayUs2x(50); //15~60us 后 接收60-240us的存在脉冲
  32   1       dat=DQ;        //如果x=0则初始化成功, x=1则初始化失败
  33   1       DelayUs2x(25); //稍作延时返回
  34   1       return dat;
  35   1      }
  36          
  37          /*------------------------------------------------
  38                              读取一个字节
  39          ------------------------------------------------*/
  40          unsigned char ReadOneChar(void)
  41          {
  42   1      unsigned char i=0;
  43   1      unsigned char dat = 0;
  44   1      for (i=8;i>0;i--)
  45   1       {
  46   2        DQ = 0; // 给脉冲信号
  47   2        dat>>=1;
  48   2        DQ = 1; // 给脉冲信号
  49   2        if(DQ)
  50   2         dat|=0x80;
  51   2        DelayUs2x(25);
  52   2       }
  53   1       return(dat);
  54   1      }
C51 COMPILER V9.54   18B20                                                                 08/26/2018 15:45:34 PAGE 2   

  55          /*------------------------------------------------
  56                              写入一个字节
  57          ------------------------------------------------*/
  58          void WriteOneChar(unsigned char dat)
  59          {
  60   1       unsigned char i=0;
  61   1       for (i=8; i>0; i--)
  62   1       {
  63   2        DQ = 0;
  64   2        DQ = dat&0x01;
  65   2        DelayUs2x(25);
  66   2        DQ = 1;
  67   2        dat>>=1;
  68   2       }
  69   1      DelayUs2x(25);
  70   1      }
  71          
  72          /*------------------------------------------------
  73                              读取温度
  74          ------------------------------------------------*/
  75          unsigned int ReadTemperature(void)
  76          {
  77   1      unsigned char a=0;
  78   1      unsigned int b=0;
  79   1      unsigned int t=0;
  80   1      Init_DS18B20();
  81   1      WriteOneChar(0xCC); // 跳过读序号列号的操作
  82   1      WriteOneChar(0x44); // 启动温度转换
  83   1      DelayMs(10);
  84   1      Init_DS18B20();
  85   1      WriteOneChar(0xCC); //跳过读序号列号的操作 
  86   1      WriteOneChar(0xBE); //读取温度寄存器等（共可读9个寄存器） 前两个就是温度
  87   1      a=ReadOneChar();   //低位
  88   1      b=ReadOneChar();   //高位
  89   1      
  90   1      b<<=8;
  91   1      t=a+b;
  92   1      
  93   1      return(t);
  94   1      }


MODULE INFORMATION:   STATIC OVERLAYABLE
   CODE SIZE        =    183    ----
   CONSTANT SIZE    =   ----    ----
   XDATA SIZE       =   ----    ----
   PDATA SIZE       =   ----    ----
   DATA SIZE        =   ----       5
   IDATA SIZE       =   ----    ----
   BIT SIZE         =   ----       1
END OF MODULE INFORMATION.


C51 COMPILATION COMPLETE.  0 WARNING(S),  0 ERROR(S)
