C51 COMPILER V9.54   MAIN                                                                  08/26/2018 15:45:34 PAGE 1   


C51 COMPILER V9.54, COMPILATION OF MODULE MAIN
OBJECT MODULE PLACED IN .\obj\main.obj
COMPILER INVOKED BY: d:\Keil_v5\C51\BIN\C51.EXE main.c OPTIMIZE(8,SPEED) BROWSE DEBUG OBJECTEXTEND PRINT(.\obj\main.lst)
                    - TABS(2) OBJECT(.\obj\main.obj)

line level    source

   1          /*******************************************************************************
   2          * 版  权  : 红梅科技工作室
   3          * 论  坛  ：https://blog.csdn.net/Qingzhusshuiyun
   4          * Q Q     ：2369099714
   5          * 版权所有，盗版必究。
   6          * 工  程   : 温度可调上下限1602液晶显示测试
   7          * 文件名   : 温度可调上下限1602液晶显示测试.c
   8          * 处理器   : STC89C52RC
   9          * 编译环境 : Keil 5
  10          * 系统时钟 : 12MHZ
  11          * 版    本  : V1.0 
  12          * 生成日期  : 2018-08-05            
  13          * 修改日期  :  
  14          * 简单描述 : 
  15          *******************************************************************************/
  16          
  17          #include<reg52.h> //包含头文件，一般情况不需要改动，头文件包含特殊功能寄存器的定义
  18          #include<stdio.h>
  19          #include "18b20.h"
  20          #include "1602.h"
  21          #include "delay.h"
  22          
  23          #define KeyPort P3 //定义按键端口
  24          
  25          bit ReadTempFlag;//定义读时间标志
  26          
  27          void Init_Timer0(void);//定时器初始化
  28          unsigned char KeyScan(void);//键盘扫描
  29          /*------------------------------------------------
  30                        串口通讯初始化
  31          ------------------------------------------------*/
  32          void UART_Init(void)
  33          {
  34   1          SCON  = 0x50;           // SCON: 模式 1, 8-bit UART, 使能接收  
  35   1          TMOD |= 0x20;               // TMOD: timer 1, mode 2, 8-bit 重装
  36   1          TH1   = 0xFD;               // TH1:  重装值 9600 波特率 晶振 11.0592MHz  
  37   1          TR1   = 1;                  // TR1:  timer 1 打开                         
  38   1          //EA    = 1;                  //打开总中断
  39   1          //ES    = 1;                  //打开串口中断
  40   1        TI=1;
  41   1      }
  42          /*------------------------------------------------
  43                              主函数
  44          ------------------------------------------------*/
  45          void main (void)
  46          {                  
  47   1      int temp,tempH=50,tempL=1;
  48   1      float temperature;
  49   1      unsigned char TempFlag=0;
  50   1      char displaytemp[16],num;//定义显示区域临时存储数组
  51   1      
  52   1      LCD_Init();           //初始化液晶
  53   1      DelayMs(20);          //延时有助于稳定
  54   1      LCD_Clear();          //清屏
C51 COMPILER V9.54   MAIN                                                                  08/26/2018 15:45:34 PAGE 2   

  55   1      Init_Timer0();
  56   1      UART_Init();
  57   1      Lcd_User_Chr();       //写入自定义字符
  58   1      
  59   1      
  60   1      while (1)         //主循环
  61   1        {
  62   2       num=KeyScan();
  63   2       switch(num)
  64   2             {
  65   3            case 1:if(tempH<127)tempH++;break;
  66   3          case 2:if(tempH>-55)tempH--;break;
  67   3          case 3:if(tempL<127)tempL++;break;
  68   3          case 4:if(tempL>-55)tempL--;break;
  69   3          default:break;
  70   3           }
  71   2       
  72   2      switch(TempFlag)
  73   2             {
  74   3            case 0:    //输出温度上限下限
  75   3                sprintf(displaytemp,"H.%3d  L.%3d ",tempH,tempL);
  76   3                    LCD_Write_String(0,1,displaytemp);//显示第二行
  77   3              break;
  78   3          case 1:LCD_Write_String(0,1,"over  tempH    ");break;
  79   3          case 2:LCD_Write_String(0,1,"under  tempL   ");break;
  80   3          default:break;
  81   3           }
  82   2      if(ReadTempFlag==1)
  83   2       {
  84   3        ReadTempFlag=0;
  85   3        temp=ReadTemperature();
  86   3      
  87   3      
  88   3        temperature=temp*0.0625;
  89   3      
  90   3        temp>>=4;
  91   3       if(temp>tempH)
  92   3          TempFlag=1;  //高于高温标志
  93   3       else if(temp<tempL)
  94   3          TempFlag=2;  //低于低温标志
  95   3       else
  96   3         TempFlag=0;   //正常显示标志
  97   3      
  98   3          
  99   3      
 100   3        sprintf(displaytemp,"Temp  %6.2f ",temperature);//打印温度值
 101   3        LCD_Write_String(0,0,displaytemp);//显示第一行
 102   3        LCD_Write_Char(13,0,0x01);//写入温度右上角点
 103   3        LCD_Write_Char(14,0,'C'); //写入字符C
 104   3        } 
 105   2       }
 106   1      }
 107          
 108          /*------------------------------------------------
 109                              定时器初始化子程序
 110          ------------------------------------------------*/
 111          void Init_Timer0(void)
 112          {
 113   1       TMOD |= 0x01;    //使用模式1，16位定时器，使用"|"符号可以在使用多个定时器时不受影响         
 114   1       //TH0=0x00;        //给定初值
 115   1       //TL0=0x00;
 116   1       EA=1;            //总中断打开
C51 COMPILER V9.54   MAIN                                                                  08/26/2018 15:45:34 PAGE 3   

 117   1       ET0=1;           //定时器中断打开
 118   1       TR0=1;           //定时器开关打开
 119   1      }
 120          /*------------------------------------------------
 121                           定时器中断子程序
 122          ------------------------------------------------*/
 123          void Timer0_isr(void) interrupt 1 
 124          {
 125   1       static unsigned int num;
 126   1       TH0=(65536-2000)/256;      //重新赋值 2ms
 127   1       TL0=(65536-2000)%256;
 128   1       
 129   1       num++;
 130   1       if(num==400)        //
 131   1         {
 132   2          num=0;
 133   2          ReadTempFlag=1; //读标志位置1
 134   2        }
 135   1      }
 136          
 137          /*------------------------------------------------
 138          按键扫描函数，返回扫描键值
 139          ------------------------------------------------*/
 140          unsigned char KeyScan(void)
 141          {
 142   1       unsigned char keyvalue;
 143   1       if(KeyPort!=0xff)
 144   1         {
 145   2          DelayMs(10);
 146   2          if(KeyPort!=0xff)
 147   2           {
 148   3            keyvalue=KeyPort;
 149   3            while(KeyPort!=0xff);
 150   3          switch(keyvalue)
 151   3          {
 152   4           case 0xfe:return 1;break;
 153   4           case 0xfd:return 2;break;
 154   4           case 0xfb:return 3;break;
 155   4           case 0xf7:return 4;break;
 156   4           case 0xef:return 5;break;
 157   4           case 0xdf:return 6;break;
 158   4           case 0xbf:return 7;break;
 159   4           case 0x7f:return 8;break;
 160   4           default:return 0;break;
 161   4          }
 162   3          }
 163   2         }
 164   1         return 0;
 165   1      }
 166          
 167          


MODULE INFORMATION:   STATIC OVERLAYABLE
   CODE SIZE        =    528    ----
   CONSTANT SIZE    =     59    ----
   XDATA SIZE       =   ----    ----
   PDATA SIZE       =   ----    ----
   DATA SIZE        =      2      27
   IDATA SIZE       =   ----    ----
   BIT SIZE         =      1    ----
END OF MODULE INFORMATION.

C51 COMPILER V9.54   MAIN                                                                  08/26/2018 15:45:34 PAGE 4   


C51 COMPILATION COMPLETE.  0 WARNING(S),  0 ERROR(S)
