C51 COMPILER V9.54   1602                                                                  08/27/2018 09:43:10 PAGE 1   


C51 COMPILER V9.54, COMPILATION OF MODULE 1602
OBJECT MODULE PLACED IN .\obj\1602.obj
COMPILER INVOKED BY: d:\Keil_v5\C51\BIN\C51.EXE 1602.c OPTIMIZE(8,SPEED) BROWSE DEBUG OBJECTEXTEND PRINT(.\obj\1602.lst)
                    - TABS(2) OBJECT(.\obj\1602.obj)

line level    source

   1          
   2          /*******************************************************************************
   3          * 版  权  : 红梅科技工作室
   4          * 论  坛  ：https://blog.csdn.net/Qingzhusshuiyun
   5          * Q Q     ：2369099714
   6          * 版权所有，盗版必究。
   7          * 工  程   : 实用密码锁
   8          * 文件名   : 实用密码锁.c
   9          * 处理器   : STC89C52RC
  10          * 编译环境 : Keil 5
  11          * 系统时钟 : 12MHZ
  12          * 版    本  : V1.0 
  13          * 生成日期  : 2018-08-22              
  14          * 修改日期  :  
  15          * 简单描述 : 1-VSS 2-VDD 3-V0 4-RS 5-R/W 6-E 7-14 DB0-DB7 15-BLA 16-BLK
  16          *******************************************************************************/
  17          
  18          #include "1602.h"
  19          #include "delay.h"
  20          
  21          #define CHECK_BUSY
  22          
  23          sbit RS = P2^4;   //定义端口 
  24          sbit RW = P2^5;
  25          sbit EN = P2^6;
  26          
  27          #define RS_CLR RS=0 
  28          #define RS_SET RS=1
  29          
  30          #define RW_CLR RW=0 
  31          #define RW_SET RW=1 
  32          
  33          #define EN_CLR EN=0
  34          #define EN_SET EN=1
  35          
  36          #define DataPort P0
  37          
  38          /*------------------------------------------------
  39                        判忙函数
  40          ------------------------------------------------*/
  41           bit LCD_Check_Busy(void) 
  42           { 
  43   1      #ifdef CHECK_BUSY
  44   1       DataPort= 0xFF; 
  45   1       RS_CLR; 
  46   1       RW_SET; 
  47   1       EN_CLR; 
  48   1       _nop_(); 
  49   1       EN_SET;
  50   1       return (bit)(DataPort & 0x80);
  51   1      #else
               return 0;
              #endif
  54   1       }
C51 COMPILER V9.54   1602                                                                  08/27/2018 09:43:10 PAGE 2   

  55          /*------------------------------------------------
  56                        写入命令函数
  57          ------------------------------------------------*/
  58           void LCD_Write_Com(unsigned char com) 
  59           {  
  60   1       while(LCD_Check_Busy()); //忙则等待
  61   1       RS_CLR; 
  62   1       RW_CLR; 
  63   1       EN_SET; 
  64   1       DataPort= com; 
  65   1       _nop_(); 
  66   1       EN_CLR;
  67   1       }
  68          /*------------------------------------------------
  69                        写入数据函数
  70          ------------------------------------------------*/
  71           void LCD_Write_Data(unsigned char Data) 
  72           { 
  73   1       while(LCD_Check_Busy()); //忙则等待
  74   1       RS_SET; 
  75   1       RW_CLR; 
  76   1       EN_SET; 
  77   1       DataPort= Data; 
  78   1       _nop_();
  79   1       EN_CLR;
  80   1       }
  81          
  82          /*------------------------------------------------
  83                          清屏函数
  84          ------------------------------------------------*/
  85           void LCD_Clear(void) 
  86           { 
  87   1       LCD_Write_Com(0x01); 
  88   1       DelayMs(5);
  89   1       }
  90          /*------------------------------------------------
  91                        写入字符串函数
  92          ------------------------------------------------*/
  93           void LCD_Write_String(unsigned char x,unsigned char y,unsigned char *s) 
  94           {     
  95   1             
  96   1       while (*s) 
  97   1        {     
  98   2       LCD_Write_Char(x,y,*s);     
  99   2       s ++;  x++;   
 100   2        }
 101   1       }
 102          /*------------------------------------------------
 103                        写入字符函数
 104          ------------------------------------------------*/
 105          void LCD_Write_Char(unsigned char x,unsigned char y,unsigned char Data) 
 106           {     
 107   1       if (y == 0) 
 108   1        {     
 109   2        LCD_Write_Com(0x80 + x);     
 110   2        }    
 111   1       else 
 112   1        {     
 113   2        LCD_Write_Com(0xC0 + x);     
 114   2        }        
 115   1       LCD_Write_Data( Data);  
 116   1       }
C51 COMPILER V9.54   1602                                                                  08/27/2018 09:43:10 PAGE 3   

 117          /*------------------------------------------------
 118                        初始化函数
 119          ------------------------------------------------*/
 120           void LCD_Init(void) 
 121           {
 122   1         LCD_Write_Com(0x38);    /*显示模式设置*/ 
 123   1         DelayMs(5); 
 124   1         LCD_Write_Com(0x38); 
 125   1         DelayMs(5); 
 126   1         LCD_Write_Com(0x38); 
 127   1         DelayMs(5); 
 128   1         LCD_Write_Com(0x38);  
 129   1         LCD_Write_Com(0x08);    /*显示关闭*/ 
 130   1         LCD_Write_Com(0x01);    /*显示清屏*/ 
 131   1         LCD_Write_Com(0x06);    /*显示光标移动设置*/ 
 132   1         DelayMs(5); 
 133   1         LCD_Write_Com(0x0C);    /*显示开及光标设置*/
 134   1         }
 135             
 136          


MODULE INFORMATION:   STATIC OVERLAYABLE
   CODE SIZE        =    188    ----
   CONSTANT SIZE    =   ----    ----
   XDATA SIZE       =   ----    ----
   PDATA SIZE       =   ----    ----
   DATA SIZE        =   ----       5
   IDATA SIZE       =   ----    ----
   BIT SIZE         =   ----    ----
END OF MODULE INFORMATION.


C51 COMPILATION COMPLETE.  0 WARNING(S),  0 ERROR(S)
