C51 COMPILER V9.54   MAIN                                                                  08/23/2018 15:49:25 PAGE 1   


C51 COMPILER V9.54, COMPILATION OF MODULE MAIN
OBJECT MODULE PLACED IN .\obj\main.obj
COMPILER INVOKED BY: d:\Keil_v5\C51\BIN\C51.EXE main.c OPTIMIZE(8,SPEED) BROWSE DEBUG OBJECTEXTEND PRINT(.\obj\main.lst)
                    - TABS(2) OBJECT(.\obj\main.obj)

line level    source

   1          /*******************************************************************************
   2          * 版  权  : 红梅科技工作室
   3          * 论  坛  ：https://blog.csdn.net/Qingzhusshuiyun
   4          * Q Q     ：2369099714
   5          * 版权所有，盗版必究。
   6          * 工  程   : 24c02记忆开机次数
   7          * 文件名   : 24c02记忆开机次数.c
   8          * 处理器   : STC89C52RC
   9          * 编译环境 : Keil 5
  10          * 系统时钟 : 12MHZ
  11          * 版    本  : V1.0 
  12          * 生成日期  : 2018-07-10              
  13          * 修改日期  :  
  14          * 简单描述 : 每次开机，开机数值加1并存储到24c02
  15          *******************************************************************************/
  16          
  17          #include <reg52.h>                
  18          #include "i2c.h"
  19          #include "delay.h"
  20          #include "display.h"
  21          
  22          
  23          main()
  24          {
  25   1       unsigned char num=0;
  26   1       Init_Timer0();
  27   1       IRcvStr(0xae,50,&num,1);   //从24c02读出数据                             
  28   1       num++;                 
  29   1       ISendStr(0xae,50,&num,1);  //写入24c02 
  30   1       DelayMs(10);
  31   1       TempData[0]=dofly_DuanMa[num/100];    
  32   1       TempData[1]=dofly_DuanMa[(num%100)/10];
  33   1       TempData[2]=dofly_DuanMa[(num%100)%10];
  34   1      
  35   1        while(1)
  36   1           {
  37   2         }
  38   1      }


MODULE INFORMATION:   STATIC OVERLAYABLE
   CODE SIZE        =     85    ----
   CONSTANT SIZE    =   ----    ----
   XDATA SIZE       =   ----    ----
   PDATA SIZE       =   ----    ----
   DATA SIZE        =   ----       1
   IDATA SIZE       =   ----    ----
   BIT SIZE         =   ----    ----
END OF MODULE INFORMATION.


C51 COMPILATION COMPLETE.  0 WARNING(S),  0 ERROR(S)
