C51 COMPILER V9.00   __1MS方波                                                           05/27/2013 22:21:57 PAGE 1   


C51 COMPILER V9.00, COMPILATION OF MODULE __1MS方波
OBJECT MODULE PLACED IN .\obj\产生1mS方波.obj
COMPILER INVOKED BY: D:\学习软件\Keil uVision4\C51\BIN\C51.EXE 产生1mS方波.c BROWSE DEBUG OBJECTEXTEND PRINT(.\obj\产生1
                    -mS方波.lst) OBJECT(.\obj\产生1mS方波.obj)

line level    source

   1          /*-----------------------------------------------
   2            名称：定时器0 
   3            论坛：www.doflye.net
   4            编写：shifang
   5            日期：2009.5
   6            修改：无
   7            内容：通过定时产生1mS方波
   8          ------------------------------------------------*/
   9          #include<reg52.h> //包含头文件，一般情况不需要改动，头文件包含特殊功能寄存器的定义
  10          
  11          sbit OUT=P1^2;    //定义OUT输出端口
  12          
  13          /*------------------------------------------------
  14                              定时器初始化子程序
  15          ------------------------------------------------*/
  16          void Init_Timer0(void)
  17          {
  18   1       TMOD |= 0x01;    //使用模式1，16位定时器，使用"|"符号可以在使用多个定时器时不受影响                 
  19   1       TH0=0x00;            //给定初值，这里使用定时器最大值从0开始计数一直到65535溢出
  20   1       TL0=0x00;
  21   1       EA=1;            //总中断打开
  22   1       ET0=1;           //定时器中断打开
  23   1       TR0=1;           //定时器开关打开
  24   1      }
  25          /*------------------------------------------------
  26                              主程序
  27          ------------------------------------------------*/
  28          main()
  29          {
  30   1       Init_Timer0();
  31   1       while(1);
  32   1      }
  33          
  34          /*------------------------------------------------
  35                           定时器中断子程序
  36          ------------------------------------------------*/
  37          void Timer0_isr(void) interrupt 1 using 1
  38          {
  39   1       TH0=(65536-500)/256;             //重新赋值 12M晶振计算，指令周期1uS，
  40   1       TL0=(65536-500)*256;         //1mS方波半个周期500uS，即定时500次
  41   1                                    //溢出然后输出端取反
  42   1      
  43   1       OUT=~OUT;        //用示波器可看到方波输出 
  44   1      
  45   1      }


MODULE INFORMATION:   STATIC OVERLAYABLE
   CODE SIZE        =     29    ----
   CONSTANT SIZE    =   ----    ----
   XDATA SIZE       =   ----    ----
   PDATA SIZE       =   ----    ----
   DATA SIZE        =   ----    ----
   IDATA SIZE       =   ----    ----
C51 COMPILER V9.00   __1MS方波                                                           05/27/2013 22:21:57 PAGE 2   

   BIT SIZE         =   ----    ----
END OF MODULE INFORMATION.


C51 COMPILATION COMPLETE.  0 WARNING(S),  0 ERROR(S)
