C51 COMPILER V9.54   MAIN                                                                  08/26/2018 15:29:09 PAGE 1   


C51 COMPILER V9.54, COMPILATION OF MODULE MAIN
OBJECT MODULE PLACED IN .\obj\main.obj
COMPILER INVOKED BY: d:\Keil_v5\C51\BIN\C51.EXE main.c OPTIMIZE(8,SPEED) BROWSE DEBUG OBJECTEXTEND PRINT(.\obj\main.lst)
                    - TABS(2) OBJECT(.\obj\main.obj)

line level    source

   1          /*******************************************************************************
   2          * 版  权  : 红梅科技工作室
   3          * 论  坛  ：https://blog.csdn.net/Qingzhusshuiyun
   4          * Q Q     ：2369099714
   5          * 版权所有，盗版必究。
   6          * 工  程   : 18b20温度传感器数码管显示
   7          * 文件名   : 18b20温度传感器数码管显示.c
   8          * 处理器   : STC89C52RC
   9          * 编译环境 : Keil 5
  10          * 系统时钟 : 12MHZ
  11          * 版    本  : V1.0 
  12          * 生成日期  : 2018-08-01              
  13          * 修改日期  :  
  14          * 简单描述 : 显示格式 符号 xxx.x C 
  15                  可以显示负温度
  16          *******************************************************************************/
  17          
  18          #include<reg52.h> //包含头文件，一般情况不需要改动，头文件包含特殊功能寄存器的定义
  19          #include "18b20.h"
  20          
  21          #define DataPort P0 //定义数据端口 程序中遇到DataPort 则用P0 替换
  22          
  23          sbit LATCH1=P2^2;//定义锁存使能端口 段锁存
  24          sbit LATCH2=P2^3;//                 位锁存
  25          
  26          bit ReadTempFlag;//定义读时间标志
  27          
  28          unsigned char code dofly_DuanMa[10]={0x3f,0x06,0x5b,0x4f,0x66,0x6d,0x7d,0x07,0x7f,0x6f};// 显示段码值0~9
  29          unsigned char code dofly_WeiMa[]={0xfe,0xfd,0xfb,0xf7,0xef,0xdf,0xbf,0x7f};//分别对应相应的数码管点亮,即位
             -码
  30          unsigned char TempData[8]; //存储显示值的全局变量
  31          
  32          
  33          void Display(unsigned char FirstBit,unsigned char Num);//数码管显示函数
  34          void Init_Timer0(void);//定时器初始化
  35          /*------------------------------------------------
  36                              主函数
  37          ------------------------------------------------*/
  38          void main (void)
  39          {                  
  40   1      unsigned int TempH,TempL,temp;
  41   1      Init_Timer0();
  42   1      while (1)         //主循环
  43   1        {
  44   2      
  45   2      
  46   2      if(ReadTempFlag==1)
  47   2      {
  48   3        ReadTempFlag=0;
  49   3        temp=ReadTemperature();
  50   3        if(temp&0x8000)
  51   3           {
  52   4           TempData[0]=0x40;//负号标志
  53   4           temp=~temp;  // 取反加1
C51 COMPILER V9.54   MAIN                                                                  08/26/2018 15:29:09 PAGE 2   

  54   4         temp +=1;
  55   4         }
  56   3        else
  57   3           TempData[0]=0;
  58   3      
  59   3           TempH=temp>>4;
  60   3           TempL=temp&0x0F;
  61   3           TempL=TempL*6/10;//小数近似处理
  62   3            
  63   3          if(TempH/100==0)
  64   3          TempData[1]=0;
  65   3        else
  66   3            TempData[1]=dofly_DuanMa[TempH/100]; //十位温度
  67   3          if((TempH/100==0)&&((TempH%100)/10==0))//消隐
  68   3          TempData[2]=0;
  69   3        else
  70   3           TempData[2]=dofly_DuanMa[(TempH%100)/10]; //十位温度
  71   3           TempData[3]=dofly_DuanMa[(TempH%100)%10]|0x80; //个位温度,带小数点
  72   3           TempData[4]=dofly_DuanMa[TempL];
  73   3         TempData[6]=0x39;         //显示C符号
  74   3        } 
  75   2       }
  76   1      }
  77          
  78          /*------------------------------------------------
  79           显示函数，用于动态扫描数码管
  80           输入参数 FirstBit 表示需要显示的第一位，如赋值2表示从第三个数码管开始显示
  81           如输入0表示从第一个显示。
  82           Num表示需要显示的位数，如需要显示99两位数值则该值输入2
  83          ------------------------------------------------*/
  84          void Display(unsigned char FirstBit,unsigned char Num)
  85          {
  86   1            static unsigned char i=0;
  87   1          
  88   1      
  89   1           DataPort=0;   //清空数据，防止有交替重影
  90   1             LATCH1=1;     //段锁存
  91   1             LATCH1=0;
  92   1      
  93   1             DataPort=dofly_WeiMa[i+FirstBit]; //取位码 
  94   1             LATCH2=1;     //位锁存
  95   1             LATCH2=0;
  96   1      
  97   1             DataPort=TempData[i]; //取显示数据，段码
  98   1             LATCH1=1;     //段锁存
  99   1             LATCH1=0;
 100   1             
 101   1           i++;
 102   1             if(i==Num)
 103   1              i=0;
 104   1      
 105   1      
 106   1      }
 107          /*------------------------------------------------
 108                              定时器初始化子程序
 109          ------------------------------------------------*/
 110          void Init_Timer0(void)
 111          {
 112   1       TMOD |= 0x01;    //使用模式1，16位定时器，使用"|"符号可以在使用多个定时器时不受影响         
 113   1       //TH0=0x00;        //给定初值
 114   1       //TL0=0x00;
 115   1       EA=1;            //总中断打开
C51 COMPILER V9.54   MAIN                                                                  08/26/2018 15:29:09 PAGE 3   

 116   1       ET0=1;           //定时器中断打开
 117   1       TR0=1;           //定时器开关打开
 118   1      }
 119          /*------------------------------------------------
 120                           定时器中断子程序
 121          ------------------------------------------------*/
 122          void Timer0_isr(void) interrupt 1 
 123          {
 124   1       static unsigned int num;
 125   1       TH0=(65536-2000)/256;      //重新赋值 2ms
 126   1       TL0=(65536-2000)%256;
 127   1       
 128   1       Display(0,8);       // 调用数码管扫描
 129   1       num++;
 130   1       if(num==300)        //
 131   1         {
 132   2          num=0;
 133   2          ReadTempFlag=1; //读标志位置1
 134   2        }
 135   1      }
 136          
 137          


MODULE INFORMATION:   STATIC OVERLAYABLE
   CODE SIZE        =    382    ----
   CONSTANT SIZE    =     18    ----
   XDATA SIZE       =   ----    ----
   PDATA SIZE       =   ----    ----
   DATA SIZE        =     11       4
   IDATA SIZE       =   ----    ----
   BIT SIZE         =      1    ----
END OF MODULE INFORMATION.


C51 COMPILATION COMPLETE.  0 WARNING(S),  0 ERROR(S)
