C51 COMPILER V9.00   __胨_                                                                04/27/2013 18:56:04 PAGE 1   


C51 COMPILER V9.00, COMPILATION OF MODULE __胨_
OBJECT MODULE PLACED IN .\obj\密码锁.obj
COMPILER INVOKED BY: D:\学习软件\Keil uVision4\C51\BIN\C51.EXE 密码锁.c BROWSE DEBUG OBJECTEXTEND PRINT(.\obj\密码锁.lst
                    -) OBJECT(.\obj\密码锁.obj)

line level    source

   1          /*-----------------------------------------------
   2            名称：矩阵键盘模拟密码锁
   3            论坛：www.doflye.net
   4            编写：shifang
   5            日期：2009.5
   6            修改：无
   7            内容：模拟密码锁，密码固化到ROM 不能通过按键输入更改
   8          ------------------------------------------------*/
   9          #include<reg52.h> //包含头文件，一般情况不需要改动，头文件包含特殊功能寄存器的定义
  10          
  11          
  12          #define DataPort P0 //定义数据端口 程序中遇到DataPort 则用P0 替换
  13          #define KeyPort P1
  14          sbit LATCH1=P2^2;//定义锁存使能端口 段锁存
  15          sbit LATCH2=P2^3;//                 位锁存
  16          
  17          unsigned char code dofly_DuanMa[]={0x3f,0x06,0x5b,0x4f,0x66,0x6d,0x7d,0x07,0x7f,0x6f,
  18                                                           0x77,0x7c,0x39,0x5e,0x79,0x71};// 显示段码值0~F
  19          unsigned char code dofly_WeiMa[]={0xfe,0xfd,0xfb,0xf7,0xef,0xdf,0xbf,0x7f};//分别对应相应的数码管点亮,即位
             -码
  20          unsigned char TempData[8]; //存储显示值的全局变量
  21          unsigned char code password[8]={1,2,3,4,5,6,7,8};
  22          //可以更改此密码做多组测试
  23          
  24          void DelayUs2x(unsigned char t);//us级延时函数声明 
  25          void DelayMs(unsigned char t); //ms级延时
  26          void Display(unsigned char FirstBit,unsigned char Num);//数码管显示函数
  27          unsigned char KeyScan(void);//键盘扫描
  28          unsigned char KeyPro(void);
  29          void Init_Timer0(void);//定时器初始化
  30          /*------------------------------------------------
  31                              主函数
  32          ------------------------------------------------*/
  33          void main (void)
  34          {
  35   1      unsigned char num,i,j;                  
  36   1      unsigned char temp[8];
  37   1      bit Flag;
  38   1      Init_Timer0();
  39   1      
  40   1      while (1)         //主循环
  41   1        {
  42   2      
  43   2      
  44   2       num=KeyPro();
  45   2       if(num!=0xff)
  46   2         {
  47   3         if(i==0)
  48   3          {
  49   4               for(j=0;j<8;j++)//清屏
  50   4               TempData[j]=0;
  51   4              }
  52   3         if(i<8)
  53   3           {
C51 COMPILER V9.00   __胨_                                                                04/27/2013 18:56:04 PAGE 2   

  54   4            temp[i]=dofly_DuanMa[num];//把按键值输入到临时数组中
  55   4                for(j=0;j<=i;j++)         //通过一定顺序把临时数组中
  56   4                                //的值赋值到显示缓冲区，从右往左输入
  57   4               TempData[7-i+j]=temp[j]; 
  58   4            }
  59   3              i++;   //输入数值累加
  60   3              if(i==9)//正常等于8即可，由于我们需要空一个用于清屏，
  61   3                              //清屏时的按键不做输入值
  62   3                {
  63   4                i=0;
  64   4                Flag=1;//先把比较位置1
  65   4                for(j=0;j<8;j++)//循环比较8个数值，
  66   4                                            //如果有一个不等 则最终Flag值为0
  67   4                   Flag=Flag&&(temp[j]==dofly_DuanMa[password[j]]);
  68   4                       //比较输入值和已有密码
  69   4                for(j=0;j<8;j++)//清屏
  70   4               TempData[j]=0;
  71   4            if(Flag)//如果比较全部相同，标志位置1
  72   4                 {
  73   5                   TempData[0]=0x3f; // "o"
  74   5               TempData[1]=0x73; // "p"
  75   5                       TempData[2]=0x79; // "E"
  76   5                       TempData[3]=0x54; // "n"
  77   5                       //说明密码正确，输入对应操作 显示"open"
  78   5                      }
  79   4                else 
  80   4                  {
  81   5                       TempData[0]=0x79; // "E"
  82   5               TempData[1]=0x50; // "r"
  83   5                       TempData[2]=0x50; // "r"
  84   5                       //否则显示"Err"
  85   5                      }
  86   4      
  87   4                }
  88   3          }   
  89   2        }
  90   1      }
  91          /*------------------------------------------------
  92           uS延时函数，含有输入参数 unsigned char t，无返回值
  93           unsigned char 是定义无符号字符变量，其值的范围是
  94           0~255 这里使用晶振12M，精确延时请使用汇编,大致延时
  95           长度如下 T=tx2+5 uS 
  96          ------------------------------------------------*/
  97          void DelayUs2x(unsigned char t)
  98          {   
  99   1       while(--t);
 100   1      }
 101          /*------------------------------------------------
 102           mS延时函数，含有输入参数 unsigned char t，无返回值
 103           unsigned char 是定义无符号字符变量，其值的范围是
 104           0~255 这里使用晶振12M，精确延时请使用汇编
 105          ------------------------------------------------*/
 106          void DelayMs(unsigned char t)
 107          {
 108   1           
 109   1       while(t--)
 110   1       {
 111   2           //大致延时1mS
 112   2           DelayUs2x(245);
 113   2               DelayUs2x(245);
 114   2       }
 115   1      }
C51 COMPILER V9.00   __胨_                                                                04/27/2013 18:56:04 PAGE 3   

 116          /*------------------------------------------------
 117           显示函数，用于动态扫描数码管
 118           输入参数 FirstBit 表示需要显示的第一位，如赋值2表示从第三个数码管开始显示
 119           如输入0表示从第一个显示。
 120           Num表示需要显示的位数，如需要显示99两位数值则该值输入2
 121          ------------------------------------------------*/
 122          void Display(unsigned char FirstBit,unsigned char Num)
 123          {
 124   1            static unsigned char i=0;
 125   1                
 126   1      
 127   1                 DataPort=0;   //清空数据，防止有交替重影
 128   1             LATCH1=1;     //段锁存
 129   1             LATCH1=0;
 130   1      
 131   1             DataPort=dofly_WeiMa[i+FirstBit]; //取位码 
 132   1             LATCH2=1;     //位锁存
 133   1             LATCH2=0;
 134   1      
 135   1             DataPort=TempData[i]; //取显示数据，段码
 136   1             LATCH1=1;     //段锁存
 137   1             LATCH1=0;
 138   1             
 139   1                 i++;
 140   1             if(i==Num)
 141   1                    i=0;
 142   1      
 143   1      
 144   1      }
 145          /*------------------------------------------------
 146                              定时器初始化子程序
 147          ------------------------------------------------*/
 148          void Init_Timer0(void)
 149          {
 150   1       TMOD |= 0x01;    //使用模式1，16位定时器，使用"|"符号可以在使用多个定时器时不受影响                 
 151   1       //TH0=0x00;          //给定初值
 152   1       //TL0=0x00;
 153   1       EA=1;            //总中断打开
 154   1       ET0=1;           //定时器中断打开
 155   1       TR0=1;           //定时器开关打开
 156   1      }
 157          /*------------------------------------------------
 158                           定时器中断子程序
 159          ------------------------------------------------*/
 160          void Timer0_isr(void) interrupt 1 
 161          {
 162   1       TH0=(65536-2000)/256;            //重新赋值 2ms
 163   1       TL0=(65536-2000)%256;
 164   1       
 165   1       Display(0,8);       // 调用数码管扫描
 166   1      
 167   1      }
 168          
 169          /*------------------------------------------------
 170          按键扫描函数，返回扫描键值
 171          ------------------------------------------------*/
 172          unsigned char KeyScan(void)  //键盘扫描函数，使用行列反转扫描法
 173          {
 174   1       unsigned char cord_h,cord_l;//行列值中间变量
 175   1       KeyPort=0x0f;            //行线输出全为0
 176   1       cord_h=KeyPort&0x0f;     //读入列线值
 177   1       if(cord_h!=0x0f)    //先检测有无按键按下
C51 COMPILER V9.00   __胨_                                                                04/27/2013 18:56:04 PAGE 4   

 178   1       {
 179   2        DelayMs(10);        //去抖
 180   2        if((KeyPort&0x0f)!=0x0f)
 181   2        {
 182   3          cord_h=KeyPort&0x0f;  //读入列线值
 183   3          KeyPort=cord_h|0xf0;  //输出当前列线值
 184   3          cord_l=KeyPort&0xf0;  //读入行线值
 185   3      
 186   3          while((KeyPort&0xf0)!=0xf0);//等待松开并输出
 187   3      
 188   3          return(cord_h+cord_l);//键盘最后组合码值
 189   3         }
 190   2        }return(0xff);     //返回该值
 191   1      }
 192          /*------------------------------------------------
 193          按键值处理函数，返回扫键值
 194          ------------------------------------------------*/
 195          unsigned char KeyPro(void)
 196          {
 197   1       switch(KeyScan())
 198   1       {
 199   2        case 0x7e:return 0;break;//0 按下相应的键显示相对应的码值
 200   2        case 0x7d:return 1;break;//1
 201   2        case 0x7b:return 2;break;//2
 202   2        case 0x77:return 3;break;//3
 203   2        case 0xbe:return 4;break;//4
 204   2        case 0xbd:return 5;break;//5
 205   2        case 0xbb:return 6;break;//6
 206   2        case 0xb7:return 7;break;//7
 207   2        case 0xde:return 8;break;//8
 208   2        case 0xdd:return 9;break;//9
 209   2        case 0xdb:return 10;break;//a
 210   2        case 0xd7:return 11;break;//b
 211   2        case 0xee:return 12;break;//c
 212   2        case 0xed:return 13;break;//d
 213   2        case 0xeb:return 14;break;//e
 214   2        case 0xe7:return 15;break;//f
 215   2        default:return 0xff;break;
 216   2       }
 217   1      }


MODULE INFORMATION:   STATIC OVERLAYABLE
   CODE SIZE        =    466    ----
   CONSTANT SIZE    =     32    ----
   XDATA SIZE       =   ----    ----
   PDATA SIZE       =   ----    ----
   DATA SIZE        =      9      10
   IDATA SIZE       =   ----    ----
   BIT SIZE         =   ----       1
END OF MODULE INFORMATION.


C51 COMPILATION COMPLETE.  0 WARNING(S),  0 ERROR(S)
