C51 COMPILER V9.54   18B20                                                                 08/27/2018 10:02:20 PAGE 1   


C51 COMPILER V9.54, COMPILATION OF MODULE 18B20
OBJECT MODULE PLACED IN .\obj\18b20.obj
COMPILER INVOKED BY: d:\Keil_v5\C51\BIN\C51.EXE 18b20.c OPTIMIZE(8,SPEED) BROWSE DEBUG OBJECTEXTEND PRINT(.\obj\18b20.ls
                    -t) TABS(2) OBJECT(.\obj\18b20.obj)

line level    source

   1          /*******************************************************************************
   2          * 版  权  : 红梅科技工作室
   3          * 论  坛  ：https://blog.csdn.net/Qingzhusshuiyun
   4          * Q Q     ：2369099714
   5          * 版权所有，盗版必究。
   6          * 工  程   : 串口测温电脑显示
   7          * 文件名   : 串口测温电脑显示.c
   8          * 处理器   : STC89C52RC
   9          * 编译环境 : Keil 5
  10          * 系统时钟 : 12MHZ
  11          * 版    本  : V1.0 
  12          * 生成日期  : 2018-08-25            
  13          * 修改日期  :  
  14          * 简单描述 : 18B20单线温度检测的应用样例程序
  15          *******************************************************************************/
  16          #include"delay.h"
  17          #include"18b20.h"
  18          /*------------------------------------------------
  19                              18b20初始化
  20          ------------------------------------------------*/
  21          bit Init_DS18B20(void)
  22          {
  23   1       bit dat=0;
  24   1       DQ = 1;    //DQ复位
  25   1       DelayUs2x(5);   //稍做延时
  26   1       DQ = 0;         //单片机将DQ拉低
  27   1       DelayUs2x(200); //精确延时 大于 480us 小于960us
  28   1       DelayUs2x(200);
  29   1       DQ = 1;        //拉高总线
  30   1       DelayUs2x(50); //15~60us 后 接收60-240us的存在脉冲
  31   1       dat=DQ;        //如果x=0则初始化成功, x=1则初始化失败
  32   1       DelayUs2x(25); //稍作延时返回
  33   1       return dat;
  34   1      }
  35          
  36          /*------------------------------------------------
  37                              读取一个字节
  38          ------------------------------------------------*/
  39          unsigned char ReadOneChar(void)
  40          {
  41   1      unsigned char i=0;
  42   1      unsigned char dat = 0;
  43   1      for (i=8;i>0;i--)
  44   1       {
  45   2        DQ = 0; // 给脉冲信号
  46   2        dat>>=1;
  47   2        DQ = 1; // 给脉冲信号
  48   2        if(DQ)
  49   2         dat|=0x80;
  50   2        DelayUs2x(25);
  51   2       }
  52   1       return(dat);
  53   1      }
  54          /*------------------------------------------------
C51 COMPILER V9.54   18B20                                                                 08/27/2018 10:02:20 PAGE 2   

  55                              写入一个字节
  56          ------------------------------------------------*/
  57          void WriteOneChar(unsigned char dat)
  58          {
  59   1       unsigned char i=0;
  60   1       for (i=8; i>0; i--)
  61   1       {
  62   2        DQ = 0;
  63   2        DQ = dat&0x01;
  64   2        DelayUs2x(25);
  65   2        DQ = 1;
  66   2        dat>>=1;
  67   2       }
  68   1      DelayUs2x(25);
  69   1      }
  70          
  71          /*------------------------------------------------
  72                              读取温度
  73          ------------------------------------------------*/
  74          unsigned int ReadTemperature(void)
  75          {
  76   1      unsigned char a=0;
  77   1      unsigned int b=0;
  78   1      unsigned int t=0;
  79   1      while(Init_DS18B20()); //检测初始化是否成功
  80   1      WriteOneChar(0xCC); // 跳过读序号列号的操作
  81   1      WriteOneChar(0x44); // 启动温度转换
  82   1      DelayMs(10);
  83   1      Init_DS18B20();
  84   1      WriteOneChar(0xCC); //跳过读序号列号的操作 
  85   1      WriteOneChar(0xBE); //读取温度寄存器等（共可读9个寄存器） 前两个就是温度
  86   1      a=ReadOneChar();   //低位
  87   1      b=ReadOneChar();   //高位
  88   1      
  89   1      b<<=8;
  90   1      t=a+b;
  91   1      
  92   1      return(t);
  93   1      }


MODULE INFORMATION:   STATIC OVERLAYABLE
   CODE SIZE        =    204    ----
   CONSTANT SIZE    =   ----    ----
   XDATA SIZE       =   ----    ----
   PDATA SIZE       =   ----    ----
   DATA SIZE        =   ----       9
   IDATA SIZE       =   ----    ----
   BIT SIZE         =   ----       1
END OF MODULE INFORMATION.


C51 COMPILATION COMPLETE.  0 WARNING(S),  0 ERROR(S)
