C51 COMPILER V9.54   MAIN                                                                  08/26/2018 16:22:44 PAGE 1   


C51 COMPILER V9.54, COMPILATION OF MODULE MAIN
OBJECT MODULE PLACED IN .\obj\main.obj
COMPILER INVOKED BY: d:\Keil_v5\C51\BIN\C51.EXE main.c OPTIMIZE(8,SPEED) BROWSE DEBUG OBJECTEXTEND PRINT(.\obj\main.lst)
                    - TABS(2) OBJECT(.\obj\main.obj)

line level    source

   1          /*******************************************************************************
   2          * 版  权  : 红梅科技工作室
   3          * 论  坛  ：https://blog.csdn.net/Qingzhusshuiyun
   4          * Q Q     ：2369099714
   5          * 版权所有，盗版必究。
   6          * 工  程   : 自动调光测试
   7          * 文件名   : 自动调光测试.c
   8          * 处理器   : STC89C52RC
   9          * 编译环境 : Keil 5
  10          * 系统时钟 : 12MHZ
  11          * 版    本  : V1.0 
  12          * 生成日期  : 2018-08-14              
  13          * 修改日期  :  
  14          * 简单描述 : 使用4路AD中的1路检测外部模拟量输入，显示0-255数值
  15                  DA输出电压用LED显示，主要用于检测环境光线，光线强，则灯亮度小，以保证整体光强稳定在一个范围
  16              这种思路和用法主要用于自动调光，可以根据环境亮度自动调节，从而达到节能最大化，本样例演示用
  17          *******************************************************************************/
  18          
  19          #include <reg52.h>                
  20          #include "i2c.h"
  21          #include "delay.h"
  22          #include "display.h"
  23          
  24          #define AddWr 0x90   //写数据地址 
  25          #define AddRd 0x91   //读数据地址
  26          
  27          extern bit ack;
  28          unsigned char ReadADC(unsigned char Chl);
  29          bit WriteDAC(unsigned char dat);
  30          /*------------------------------------------------
  31                        主程序
  32          ------------------------------------------------*/
  33          main()
  34          {
  35   1       unsigned char num=0;
  36   1       Init_Timer0();
  37   1      
  38   1      
  39   1      while (1)         //主循环
  40   1        {
  41   2        
  42   2       num=256-ReadADC(0);//
  43   2       TempData[0]=dofly_DuanMa[num/100];    
  44   2       TempData[1]=dofly_DuanMa[(num%100)/10];
  45   2       TempData[2]=dofly_DuanMa[(num%100)%10];
  46   2       //主循环中添加其他需要一直工作的程序
  47   2       WriteDAC(num);//把当前值写入DA，用led演示亮度
  48   2       DelayMs(100);
  49   2        }
  50   1      }
  51          /*------------------------------------------------
  52                       读AD转值程序
  53          输入参数 Chl 表示需要转换的通道，范围从0-3
  54          返回值范围0-255
C51 COMPILER V9.54   MAIN                                                                  08/26/2018 16:22:44 PAGE 2   

  55          ------------------------------------------------*/
  56          unsigned char ReadADC(unsigned char Chl)
  57           {
  58   1         unsigned char Val;
  59   1         Start_I2c();               //启动总线
  60   1         SendByte(AddWr);             //发送器件地址
  61   1           if(ack==0)return(0);
  62   1         SendByte(0x40|Chl);            //发送器件子地址
  63   1           if(ack==0)return(0);
  64   1         Start_I2c();
  65   1         SendByte(AddWr+1);
  66   1            if(ack==0)return(0);
  67   1         Val=RcvByte();
  68   1         NoAck_I2c();                 //发送非应位
  69   1         Stop_I2c();                  //结束总线
  70   1        return(Val);
  71   1       }
  72          /*------------------------------------------------
  73                         写入DA转换数值
  74          输入参数：dat 表示需要转换的DA数值，范围是0-255
  75          ------------------------------------------------*/
  76          bit WriteDAC(unsigned char dat)
  77          {
  78   1         Start_I2c();               //启动总线
  79   1         SendByte(AddWr);             //发送器件地址
  80   1           if(ack==0)return(0);
  81   1         SendByte(0x40);            //发送器件子地址
  82   1           if(ack==0)return(0);
  83   1         SendByte(dat);             //发送数据
  84   1           if(ack==0)return(0);
  85   1         Stop_I2c();  
  86   1      }
*** WARNING C291 IN LINE 86 OF main.c: not every exit path returns a value


MODULE INFORMATION:   STATIC OVERLAYABLE
   CODE SIZE        =    161    ----
   CONSTANT SIZE    =   ----    ----
   XDATA SIZE       =   ----    ----
   PDATA SIZE       =   ----    ----
   DATA SIZE        =   ----       4
   IDATA SIZE       =   ----    ----
   BIT SIZE         =   ----    ----
END OF MODULE INFORMATION.


C51 COMPILATION COMPLETE.  1 WARNING(S),  0 ERROR(S)
