C51 COMPILER V9.54   MAIN                                                                  08/23/2018 15:53:03 PAGE 1   


C51 COMPILER V9.54, COMPILATION OF MODULE MAIN
OBJECT MODULE PLACED IN .\obj\main.obj
COMPILER INVOKED BY: d:\Keil_v5\C51\BIN\C51.EXE main.c OPTIMIZE(8,SPEED) BROWSE DEBUG OBJECTEXTEND PRINT(.\obj\main.lst)
                    - TABS(2) OBJECT(.\obj\main.obj)

line level    source

   1          /*******************************************************************************
   2          * 版  权  : 红梅科技工作室
   3          * 论  坛  ：https://blog.csdn.net/Qingzhusshuiyun
   4          * Q Q     ：2369099714
   5          * 版权所有，盗版必究。
   6          * 工  程   : 24c02存储上次使用的状态
   7          * 文件名   : 24c02存储上次使用的状态.c
   8          * 处理器   : STC89C52RC
   9          * 编译环境 : Keil 5
  10          * 系统时钟 : 12MHZ
  11          * 版    本  : V1.0 
  12          * 生成日期  : 2018-07-11              
  13          * 修改日期  :  
  14          * 简单描述 : 用按键加减操作一个数字，数字变化后写入24c02，当关机重新再开机，调用上次最后使用的数值
  15                  这种方式用于存储用户的自用数据和上次使用状态
  16          *******************************************************************************/
  17          
  18          #include <reg52.h>                
  19          #include "i2c.h"
  20          #include "delay.h"
  21          #include "display.h"
  22          
  23          sbit KEY_ADD=P3^3;  //定义按键输入端口
  24          sbit KEY_DEC=P3^4;
  25          
  26          /*-----------------------------------------------
  27                               主函数
  28          ------------------------------------------------*/  
  29          main()
  30          {
  31   1       unsigned char num=0;
  32   1       Init_Timer0();
  33   1      
  34   1       IRcvStr(0xae,0,&num,1);                                
  35   1                      
  36   1       KEY_ADD=1; //按键输入端口电平置高
  37   1       KEY_DEC=1;
  38   1      while (1)         //主循环
  39   1        {
  40   2        
  41   2        if(!KEY_ADD)  //如果检测到低电平，说明按键按下
  42   2          {
  43   3         DelayMs(10); //延时去抖，一般10-20ms
  44   3           if(!KEY_ADD)     //再次确认按键是否按下，没有按下则退出
  45   3           {
  46   4              while(!KEY_ADD);//如果确认按下按键等待按键释放，没有释放则一直等待
  47   4               {
  48   5             if(num<999)    //加操作
  49   5                  {
  50   6                  num++;
  51   6                    ISendStr(0xae,0,&num,1);  //写入24c02 
  52   6                    DelayMs(10);
  53   6                   }
  54   5      
C51 COMPILER V9.54   MAIN                                                                  08/23/2018 15:53:03 PAGE 2   

  55   5            }
  56   4           }
  57   3        }
  58   2      
  59   2       if(!KEY_DEC)  //如果检测到低电平，说明按键按下
  60   2          {
  61   3         DelayMs(10); //延时去抖，一般10-20ms
  62   3           if(!KEY_DEC)     //再次确认按键是否按下，没有按下则退出
  63   3           {
  64   4              while(!KEY_DEC);//如果确认按下按键等待按键释放，没有释放则一直等待
  65   4               {
  66   5               if(num>0)  //减操作
  67   5                  {
  68   6                  num--;
  69   6                    ISendStr(0xae,0,&num,1);  //写入24c02
  70   6                    DelayMs(10);
  71   6                   }
  72   5      
  73   5            }
  74   4           }
  75   3        }
  76   2       TempData[0]=dofly_DuanMa[num/100];    
  77   2       TempData[1]=dofly_DuanMa[(num%100)/10];
  78   2       TempData[2]=dofly_DuanMa[(num%100)%10];
  79   2           //主循环中添加其他需要一直工作的程序
  80   2        
  81   2        }
  82   1      }


MODULE INFORMATION:   STATIC OVERLAYABLE
   CODE SIZE        =    159    ----
   CONSTANT SIZE    =   ----    ----
   XDATA SIZE       =   ----    ----
   PDATA SIZE       =   ----    ----
   DATA SIZE        =   ----       1
   IDATA SIZE       =   ----    ----
   BIT SIZE         =   ----    ----
END OF MODULE INFORMATION.


C51 COMPILATION COMPLETE.  0 WARNING(S),  0 ERROR(S)
