C51 COMPILER V9.00   9累加                                                                 05/20/2013 18:14:05 PAGE 1   


C51 COMPILER V9.00, COMPILATION OF MODULE 9累加
OBJECT MODULE PLACED IN .\obj\9累加.obj
COMPILER INVOKED BY: D:\学习软件\Keil uVision4\C51\BIN\C51.EXE 9累加.c BROWSE DEBUG OBJECTEXTEND PRINT(.\obj\9累加.lst) 
                    -OBJECT(.\obj\9累加.obj)

line level    source

   1          /*-----------------------------------------------
   2            名称：1位数码管动态扫描显示变化数据
   3            论坛：www.doflye.net
   4            编写：shifang
   5            日期：2009.5
   6            修改：无
   7            内容：1位数码管分别显示不同数字，这种扫描显示方式成为动态扫描，并不停变化赋值
   8          ------------------------------------------------*/
   9          #include<reg52.h> //包含头文件，一般情况不需要改动，头文件包含特殊功能寄存器的定义
  10          
  11          #define DataPort P0 //定义数据端口 程序中遇到DataPort 则用P0 替换
  12          sbit LATCH1=P2^2;//定义锁存使能端口 段锁存
  13          sbit LATCH2=P2^3;//                 位锁存
  14          
  15          unsigned char code dofly_DuanMa[10]={0xC0,0xF9,0xA4,0xB0,0x99,0x92,0x82,0xF8,0x80,0x90};// 显示段码值0~9
  16          unsigned char code dofly_WeiMa[]={0xfe,0xfd,0xfb,0xf7,0xef,0xdf,0xbf,0x7f};//分别对应相应的数码管点亮,即位
             -码
  17          unsigned char TempData[8]; //存储显示值的全局变量
  18          void Delay(unsigned int t); //函数声明
  19          void Display(unsigned char FirstBit,unsigned char Num);
  20          /*------------------------------------------------
  21                              主函数
  22          ------------------------------------------------*/
  23          main()
  24          {
  25   1       unsigned char num;
  26   1       unsigned int j;
  27   1       while(1)
  28   1            {
  29   2                 j++;
  30   2                 if(j==500)  //检测当前数值显示了一小段时间后，
  31   2                                         //需要显示的数值加1，实现数据显示的变化
  32   2                   {
  33   3                        j=0;
  34   3                        num++;
  35   3                        if(num==10)//用于显示0~9
  36   3                          num=0;
  37   3      
  38   3                       }
  39   2                 TempData[0]=dofly_DuanMa[num%10];//分解显示信息，
  40   2                                                      //如要显示68，则68/10=6  68%10=8  
  41   2                 Display(2,1);
  42   2            }
  43   1      }
  44          /*------------------------------------------------
  45           延时函数，含有输入参数 unsigned int t，无返回值
  46           unsigned int 是定义无符号整形变量，其值的范围是
  47           0~65535
  48          ------------------------------------------------*/
  49          void Delay(unsigned int t)
  50          {
  51   1       while(--t);
  52   1      }
  53          /*------------------------------------------------
C51 COMPILER V9.00   9累加                                                                 05/20/2013 18:14:05 PAGE 2   

  54           显示函数，用于动态扫描数码管
  55           输入参数 FirstBit 表示需要显示的第一位，如赋值2表
  56           示从第三个数码管开始显示
  57           如输入0表示从第一个显示。
  58           Num表示需要显示的位数，如需要显示99两位数值则该值输入2
  59          ------------------------------------------------*/
  60          void Display(unsigned char FirstBit,unsigned char Num)
  61          {
  62   1            unsigned char i;
  63   1                
  64   1                for(i=0;i<Num;i++)
  65   1                 { 
  66   2                 DataPort=0;   //清空数据，防止有交替重影
  67   2             LATCH1=1;     //段锁存
  68   2             LATCH1=0;
  69   2      
  70   2             P2=0X00;//dofly_WeiMa[i+FirstBit]; //取位码 
  71   2             LATCH2=1;     //位锁存
  72   2             LATCH2=0;
  73   2      
  74   2             DataPort=TempData[i]; //取显示数据，段码
  75   2             LATCH1=1;     //段锁存
  76   2             LATCH1=0;
  77   2             
  78   2                 Delay(200); // 扫描间隙延时，时间太长会闪烁，
  79   2                             //太短会造成重影
  80   2      
  81   2             }
  82   1      }
*** WARNING C280 IN LINE 60 OF 9累加.C: 'FirstBit': unreferenced local variable


MODULE INFORMATION:   STATIC OVERLAYABLE
   CODE SIZE        =    108    ----
   CONSTANT SIZE    =     18    ----
   XDATA SIZE       =   ----    ----
   PDATA SIZE       =   ----    ----
   DATA SIZE        =      8       4
   IDATA SIZE       =   ----    ----
   BIT SIZE         =   ----    ----
END OF MODULE INFORMATION.


C51 COMPILATION COMPLETE.  1 WARNING(S),  0 ERROR(S)
