C51 COMPILER V9.54   MAIN                                                                  08/26/2018 16:16:49 PAGE 1   


C51 COMPILER V9.54, COMPILATION OF MODULE MAIN
OBJECT MODULE PLACED IN .\obj\main.obj
COMPILER INVOKED BY: d:\Keil_v5\C51\BIN\C51.EXE main.c OPTIMIZE(8,SPEED) BROWSE DEBUG OBJECTEXTEND PRINT(.\obj\main.lst)
                    - TABS(2) OBJECT(.\obj\main.obj)

line level    source

   1          /*******************************************************************************
   2          * 版  权  : 红梅科技工作室
   3          * 论  坛  ：https://blog.csdn.net/Qingzhusshuiyun
   4          * Q Q     ：2369099714
   5          * 版权所有，盗版必究。
   6          * 工  程   : 热敏电阻测试数码管显示
   7          * 文件名   : 热敏电阻测试数码管显示.c
   8          * 处理器   : STC89C52RC
   9          * 编译环境 : Keil 5
  10          * 系统时钟 : 12MHZ
  11          * 版    本  : V1.0 
  12          * 生成日期  : 2018-08-12              
  13          * 修改日期  :  
  14          * 简单描述 : 使用1路ad测试热敏电阻阻值，并查表得到温度值，温度精度和多种参数有关。
  15          *******************************************************************************/
  16          
  17          #include <reg52.h>                
  18          #include "i2c.h"
  19          #include "delay.h"
  20          #include "display.h"
  21          
  22          
  23          code unsigned int  vt_table[]=  // 电压温度对照表
  24            {
  25              4132,4098,4063,4026,3988,3949,3908,3866,3823,3779,
  26              3733,3686,3639,3590,3540,3489,3437,3385,3331,3277,
  27              3222,3166,3110,3054,2997,2940,2882,2824,2767,2709,
  28              2651,2593,2536,2478,2421,2365,2309,2253,2198,2143,
  29              2089,2036,1984,1932,1881,1831,1782,1734,1686,1640,
  30              1594,1550,1506,1464,1422,1381,1341,1303,1265,1228,
  31              1192
  32            
  33            };
  34          
  35          #define AddWr 0x90   //写数据地址 PCF8591
  36          #define AddRd 0x91   //读数据地址 PCF8591
  37          
  38          extern bit ack;
  39          unsigned char ReadADC(unsigned char Chl);
  40          /*------------------------------------------------
  41                        主程序
  42          ------------------------------------------------*/
  43          main()
  44          {
  45   1       unsigned int num=0;
  46   1       unsigned char i,temp;
  47   1       Init_Timer0();
  48   1      
  49   1      while (1)         //主循环
  50   1        {
  51   2        
  52   2       num=ReadADC(0);
  53   2      //变成mv 最大值255 。255x19=4845mv，如果增加精度可以使用浮点计算
  54   2       num=num*19;    
C51 COMPILER V9.54   MAIN                                                                  08/26/2018 16:16:49 PAGE 2   

  55   2       for(i=0;i<61;i++)
  56   2         {
  57   3      //判断采集电压值大于或者等于表格电压时，停下来并记录当前i值
  58   3          if(num >= vt_table[i])
  59   3             {
  60   4              temp=i;
  61   4      //如果是前10个数据表明是负温度，需要把温度符号显示出来，并且前10位温度递增
  62   4              if(i<10) 
  63   4                {
  64   5                temp=10-temp;    //如果i=0，表示-10
  65   5                TempData[0]=0x40;//'-'号
  66   5                }
  67   4              else
  68   4                {
  69   5                temp-=10; //如果大于等于10表明正温度，把前10个表格负温度去掉
  70   5                TempData[0]=0x00;//符号位显示空
  71   5                }
  72   4          break;             //检测到即跳出循环，否则继续循环
  73   4              }
  74   3          
  75   3            }
  76   2       TempData[3]=dofly_DuanMa[temp/10];//显示2位数温度值
  77   2       TempData[4]=dofly_DuanMa[temp%10];
  78   2       DelayMs(200);                    //延时防止采集频率过快
  79   2        }
  80   1      }
  81          /*------------------------------------------------
  82                       读AD转值程序
  83          输入参数 Chl 表示需要转换的通道，范围从0-3
  84          返回值范围0-255
  85          ------------------------------------------------*/
  86          unsigned char ReadADC(unsigned char Chl)
  87           {
  88   1         unsigned char Val;
  89   1         Start_I2c();               //启动总线
  90   1         SendByte(AddWr);             //发送器件地址
  91   1           if(ack==0)return(0);
  92   1         SendByte(0x40|Chl);            //发送器件子地址
  93   1           if(ack==0)return(0);
  94   1         Start_I2c();
  95   1         SendByte(AddWr+1);
  96   1            if(ack==0)return(0);
  97   1         Val=RcvByte();
  98   1         NoAck_I2c();                 //发送非应位
  99   1         Stop_I2c();                  //结束总线
 100   1        return(Val);
 101   1       }
 102          


MODULE INFORMATION:   STATIC OVERLAYABLE
   CODE SIZE        =    180    ----
   CONSTANT SIZE    =    122    ----
   XDATA SIZE       =   ----    ----
   PDATA SIZE       =   ----    ----
   DATA SIZE        =   ----       5
   IDATA SIZE       =   ----    ----
   BIT SIZE         =   ----    ----
END OF MODULE INFORMATION.


C51 COMPILATION COMPLETE.  0 WARNING(S),  0 ERROR(S)
