C51 COMPILER V9.54   MAIN                                                                  08/26/2018 16:49:20 PAGE 1   


C51 COMPILER V9.54, COMPILATION OF MODULE MAIN
OBJECT MODULE PLACED IN .\obj\main.obj
COMPILER INVOKED BY: d:\Keil_v5\C51\BIN\C51.EXE main.c OPTIMIZE(8,SPEED) BROWSE DEBUG OBJECTEXTEND PRINT(.\obj\main.lst)
                    - TABS(2) OBJECT(.\obj\main.obj)

line level    source

   1          /*******************************************************************************
   2          *   Ȩ  : ÷Ƽ
   3          *   ̳  https://blog.csdn.net/Qingzhusshuiyun
   4          * Q Q     2369099714
   5          * ȨУؾ
   6          *      : 1602Һʾ 
   7          * ļ   : 1602Һʾ .c
   8          *    : STC89C52RC
   9          * 뻷 : Keil 5
  10          * ϵͳʱ : 12MHZ
  11          *       : V1.0 
  12          *   : 2018-08-21              
  13          * ޸  :  
  14          *  : һʾ̶룬ڶʾ룬Ϻȷߴʾ,
  15                  Ϊʾ㣬ʾ룬벿ҲûǺŴ档иǺ
  16          *******************************************************************************/
  17          
  18          #include<reg52.h> //ͷļһҪĶͷļ⹦ܼĴĶ
  19          #include<stdio.h>
  20          #include"1602.h"
  21          #include"delay.h"
  22          #include"keyboard.h"
  23          
  24          
  25          unsigned char code password[8]={1,2,3,4,5,6,7,8};//ԸĴ
  26          
  27          /*------------------------------------------------
  28                              
  29          ------------------------------------------------*/
  30          main()
  31          {
  32   1       unsigned char num,i,j;                  
  33   1       unsigned char temp[8];
  34   1       bit Flag;
  35   1      
  36   1       LCD_Init();         //ʼҺ
  37   1       DelayMs(10);        //ʱȶȥ
  38   1       LCD_Clear();        //
  39   1       LCD_Write_String(0,0,"password12345678");    //дһϢѭвٸĴϢwhile֮ǰд
             -
  40   1       LCD_Write_String(0,1,"Input  password!");    //дڶϢʾ
  41   1      while (1)         //ѭ
  42   1        {
  43   2      
  44   2      
  45   2       num=KeyPro();  //ɨ
  46   2       if(num!=0xff)  //ɨǰЧֵд
  47   2         { 
  48   3          if(i==0)    //ǵһַʱҪѸգۿ
  49   3          LCD_Write_String(0,1,"                ");//
  50   3          if(i<8)     //8λ8λʱ밴ֵ
  51   3         {
  52   4           temp[i]=num;
  53   4           LCD_Write_Char(i,1,num+'0');
C51 COMPILER V9.54   MAIN                                                                  08/26/2018 16:49:20 PAGE 2   

  54   4         }
  55   3        i++;   //ֵۼ
  56   3        if(i==9)//8λİֵ൱ȷϰⰴɣ
  57   3          {
  58   4          i=0;  //λ
  59   4          Flag=1;//ȰѱȽλ1
  60   4          for(j=0;j<8;j++)//ѭȽ8ֵһ FlagֵΪ0
  61   4             Flag=Flag&&(temp[j]==password[j]);//Ƚֵ
  62   4      
  63   4            if(Flag)//Ƚȫͬ־λ1
  64   4           {
  65   5              LCD_Write_String(0,1,"Right Open!");//ȷʾϢ
  66   5          }
  67   4          else 
  68   4            {
  69   5          LCD_Write_String(0,1,"Wrong Retry!");//ʾ
  70   5          }
  71   4      
  72   4          }
  73   3          } 
  74   2        }
  75   1      }
  76          


MODULE INFORMATION:   STATIC OVERLAYABLE
   CODE SIZE        =    156    ----
   CONSTANT SIZE    =     84    ----
   XDATA SIZE       =   ----    ----
   PDATA SIZE       =   ----    ----
   DATA SIZE        =   ----      10
   IDATA SIZE       =   ----    ----
   BIT SIZE         =   ----       1
END OF MODULE INFORMATION.


C51 COMPILATION COMPLETE.  0 WARNING(S),  0 ERROR(S)
